TN:
SF:app/+not-found.tsx
FN:7,NotFoundScreen
FNF:1
FNH:0
FNDA:0,NotFoundScreen
DA:8,0
DA:21,0
LF:2
LH:0
BRF:0
BRH:0
end_of_record
TN:
SF:app/_layout.tsx
FN:35,AppContent
FN:43,(anonymous_1)
FN:46,(anonymous_2)
FN:79,RootLayout
FN:81,(anonymous_4)
FN:82,(anonymous_5)
FNF:6
FNH:0
FNDA:0,AppContent
FNDA:0,(anonymous_1)
FNDA:0,(anonymous_2)
FNDA:0,RootLayout
FNDA:0,(anonymous_4)
FNDA:0,(anonymous_5)
DA:22,0
DA:25,0
DA:26,0
DA:28,0
DA:32,0
DA:36,0
DA:37,0
DA:41,0
DA:43,0
DA:45,0
DA:46,0
DA:47,0
DA:52,0
DA:53,0
DA:58,0
DA:59,0
DA:63,0
DA:81,0
DA:82,0
DA:83,0
DA:85,0
DA:88,0
DA:89,0
DA:96,0
DA:97,0
DA:99,0
DA:103,0
DA:107,0
DA:111,0
LF:29
LH:0
BRDA:45,0,0,0
BRDA:45,0,1,0
BRDA:45,1,0,0
BRDA:45,1,1,0
BRDA:45,1,2,0
BRDA:52,2,0,0
BRDA:52,2,1,0
BRDA:58,3,0,0
BRDA:58,3,1,0
BRDA:58,4,0,0
BRDA:58,4,1,0
BRDA:58,4,2,0
BRDA:64,5,0,0
BRDA:64,5,1,0
BRDA:73,6,0,0
BRDA:73,6,1,0
BRDA:88,7,0,0
BRDA:88,7,1,0
BRF:18
BRH:0
end_of_record
TN:
SF:app/index.tsx
FN:14,LandingScreen
FN:17,(anonymous_1)
FNF:2
FNH:0
FNDA:0,LandingScreen
FNDA:0,(anonymous_1)
DA:12,0
DA:15,0
DA:17,0
DA:20,0
DA:23,0
DA:41,0
LF:6
LH:0
BRDA:25,0,0,0
BRDA:25,0,1,0
BRF:2
BRH:0
end_of_record
TN:
SF:app/(auth)/_layout.tsx
FN:5,AuthLayout
FNF:1
FNH:0
FNDA:0,AuthLayout
DA:6,0
DA:7,0
LF:2
LH:0
BRF:0
BRH:0
end_of_record
TN:
SF:app/(auth)/confirmEmailVerification.tsx
FN:21,ConfirmEmailVerificationScreen
FN:35,(anonymous_1)
FN:36,(anonymous_2)
FN:46,(anonymous_3)
FN:82,(anonymous_4)
FNF:5
FNH:0
FNDA:0,ConfirmEmailVerificationScreen
FNDA:0,(anonymous_1)
FNDA:0,(anonymous_2)
FNDA:0,(anonymous_3)
FNDA:0,(anonymous_4)
DA:19,0
DA:22,0
DA:23,0
DA:24,0
DA:29,0
DA:30,0
DA:32,0
DA:33,0
DA:35,0
DA:36,0
DA:37,0
DA:38,0
DA:40,0
DA:41,0
DA:42,0
DA:46,0
DA:51,0
DA:55,0
DA:56,0
DA:59,0
DA:60,0
DA:64,0
DA:67,0
DA:82,0
DA:92,0
LF:25
LH:0
BRDA:37,0,0,0
BRDA:37,0,1,0
BRDA:37,1,0,0
BRDA:37,1,1,0
BRDA:53,2,0,0
BRDA:53,2,1,0
BRDA:56,3,0,0
BRDA:56,3,1,0
BRDA:71,4,0,0
BRDA:71,4,1,0
BRDA:75,5,0,0
BRDA:75,5,1,0
BRDA:76,6,0,0
BRDA:76,6,1,0
BRDA:77,7,0,0
BRDA:77,7,1,0
BRDA:79,8,0,0
BRDA:79,8,1,0
BRDA:81,9,0,0
BRDA:81,9,1,0
BRF:20
BRH:0
end_of_record
TN:
SF:app/(auth)/forgotPassword.tsx
FN:26,ForgotPasswordScreen
FN:40,(anonymous_1)
FN:46,(anonymous_2)
FN:93,(anonymous_3)
FNF:4
FNH:0
FNDA:0,ForgotPasswordScreen
FNDA:0,(anonymous_1)
FNDA:0,(anonymous_2)
FNDA:0,(anonymous_3)
DA:24,0
DA:27,0
DA:28,0
DA:29,0
DA:34,0
DA:35,0
DA:36,0
DA:37,0
DA:38,0
DA:40,0
DA:41,0
DA:42,0
DA:46,0
DA:47,0
DA:48,0
DA:49,0
DA:50,0
DA:51,0
DA:52,0
DA:55,0
DA:56,0
DA:57,0
DA:58,0
DA:61,0
DA:62,0
DA:63,0
DA:64,0
DA:68,0
DA:69,0
DA:70,0
DA:73,0
DA:76,0
DA:80,0
DA:82,0
DA:86,0
DA:93,0
DA:143,0
LF:37
LH:0
BRDA:41,0,0,0
BRDA:41,0,1,0
BRDA:50,1,0,0
BRDA:50,1,1,0
BRDA:56,2,0,0
BRDA:56,2,1,0
BRDA:68,3,0,0
BRDA:68,3,1,0
BRDA:73,4,0,0
BRDA:73,4,1,0
BRDA:78,5,0,0
BRDA:78,5,1,0
BRDA:80,6,0,0
BRDA:80,6,1,0
BRDA:90,7,0,0
BRDA:90,7,1,0
BRDA:115,8,0,0
BRDA:115,8,1,0
BRDA:116,9,0,0
BRDA:116,9,1,0
BRDA:119,10,0,0
BRDA:119,10,1,0
BRDA:123,11,0,0
BRDA:123,11,1,0
BRF:24
BRH:0
end_of_record
TN:
SF:app/(auth)/phoneSignIn.tsx
FN:39,(anonymous_0)
FN:73,PhoneSignInScreen
FN:94,(anonymous_2)
FN:102,(anonymous_3)
FN:120,(anonymous_4)
FN:124,(anonymous_5)
FN:183,(anonymous_6)
FN:187,(anonymous_7)
FN:194,(anonymous_8)
FN:199,(anonymous_9)
FN:230,(anonymous_10)
FN:233,(anonymous_11)
FN:323,(anonymous_12)
FN:326,(anonymous_13)
FNF:14
FNH:0
FNDA:0,(anonymous_0)
FNDA:0,PhoneSignInScreen
FNDA:0,(anonymous_2)
FNDA:0,(anonymous_3)
FNDA:0,(anonymous_4)
FNDA:0,(anonymous_5)
FNDA:0,(anonymous_6)
FNDA:0,(anonymous_7)
FNDA:0,(anonymous_8)
FNDA:0,(anonymous_9)
FNDA:0,(anonymous_10)
FNDA:0,(anonymous_11)
FNDA:0,(anonymous_12)
FNDA:0,(anonymous_13)
DA:33,0
DA:36,0
DA:39,0
DA:40,0
DA:46,0
DA:48,0
DA:49,0
DA:50,0
DA:52,0
DA:53,0
DA:54,0
DA:56,0
DA:57,0
DA:61,0
DA:62,0
DA:65,0
DA:66,0
DA:67,0
DA:70,0
DA:74,0
DA:75,0
DA:76,0
DA:81,0
DA:82,0
DA:83,0
DA:84,0
DA:85,0
DA:86,0
DA:87,0
DA:88,0
DA:89,0
DA:90,0
DA:91,0
DA:92,0
DA:94,0
DA:95,0
DA:96,0
DA:97,0
DA:102,0
DA:103,0
DA:104,0
DA:120,0
DA:121,0
DA:124,0
DA:125,0
DA:126,0
DA:127,0
DA:128,0
DA:130,0
DA:131,0
DA:132,0
DA:133,0
DA:134,0
DA:135,0
DA:136,0
DA:139,0
DA:141,0
DA:143,0
DA:144,0
DA:145,0
DA:146,0
DA:150,0
DA:151,0
DA:152,0
DA:153,0
DA:156,0
DA:157,0
DA:164,0
DA:166,0
DA:167,0
DA:169,0
DA:170,0
DA:171,0
DA:173,0
DA:183,0
DA:187,0
DA:188,0
DA:190,0
DA:191,0
DA:192,0
DA:194,0
DA:195,0
DA:196,0
DA:199,0
DA:200,0
DA:201,0
DA:203,0
DA:207,0
DA:231,0
DA:234,0
DA:324,0
DA:327,0
DA:328,0
DA:329,0
DA:367,0
LF:95
LH:0
BRDA:41,0,0,0
BRDA:41,0,1,0
BRDA:41,0,2,0
BRDA:46,1,0,0
BRDA:46,1,1,0
BRDA:46,1,2,0
BRDA:46,1,3,0
BRDA:46,1,4,0
BRDA:46,1,5,0
BRDA:46,1,6,0
BRDA:46,1,7,0
BRDA:95,2,0,0
BRDA:95,2,1,0
BRDA:103,3,0,0
BRDA:103,3,1,0
BRDA:131,4,0,0
BRDA:131,4,1,0
BRDA:143,5,0,0
BRDA:143,5,1,0
BRDA:145,6,0,0
BRDA:145,6,1,0
BRDA:151,7,0,0
BRDA:151,7,1,0
BRDA:166,8,0,0
BRDA:166,8,1,0
BRDA:166,9,0,0
BRDA:166,9,1,0
BRDA:176,10,0,0
BRDA:176,10,1,0
BRDA:188,11,0,0
BRDA:188,11,1,0
BRDA:200,12,0,0
BRDA:200,12,1,0
BRDA:211,13,0,0
BRDA:211,13,1,0
BRDA:247,14,0,0
BRDA:247,14,1,0
BRDA:261,15,0,0
BRDA:261,15,1,0
BRDA:264,16,0,0
BRDA:264,16,1,0
BRDA:264,16,2,0
BRDA:271,17,0,0
BRDA:271,17,1,0
BRDA:294,18,0,0
BRDA:294,18,1,0
BRDA:294,18,2,0
BRDA:295,19,0,0
BRDA:295,19,1,0
BRDA:298,20,0,0
BRDA:298,20,1,0
BRDA:298,20,2,0
BRDA:300,21,0,0
BRDA:300,21,1,0
BRDA:320,22,0,0
BRDA:320,22,1,0
BRDA:320,22,2,0
BRDA:487,23,0,0
BRDA:487,23,1,0
BRF:59
BRH:0
end_of_record
TN:
SF:app/(auth)/signIn.tsx
FN:30,SignInScreen
FN:44,(anonymous_1)
FN:50,(anonymous_2)
FN:61,(anonymous_3)
FN:87,(anonymous_4)
FN:91,(anonymous_5)
FN:181,(anonymous_6)
FNF:7
FNH:0
FNDA:0,SignInScreen
FNDA:0,(anonymous_1)
FNDA:0,(anonymous_2)
FNDA:0,(anonymous_3)
FNDA:0,(anonymous_4)
FNDA:0,(anonymous_5)
FNDA:0,(anonymous_6)
DA:28,0
DA:31,0
DA:32,0
DA:33,0
DA:38,0
DA:39,0
DA:40,0
DA:41,0
DA:42,0
DA:44,0
DA:45,0
DA:46,0
DA:50,0
DA:51,0
DA:52,0
DA:53,0
DA:54,0
DA:55,0
DA:57,0
DA:61,0
DA:62,0
DA:63,0
DA:64,0
DA:65,0
DA:66,0
DA:70,0
DA:71,0
DA:72,0
DA:74,0
DA:76,0
DA:80,0
DA:83,0
DA:87,0
DA:88,0
DA:91,0
DA:92,0
DA:93,0
DA:95,0
DA:99,0
DA:181,0
DA:191,0
LF:41
LH:0
BRDA:45,0,0,0
BRDA:45,0,1,0
BRDA:53,1,0,0
BRDA:53,1,1,0
BRDA:53,2,0,0
BRDA:53,2,1,0
BRDA:70,3,0,0
BRDA:70,3,1,0
BRDA:72,4,0,0
BRDA:72,4,1,0
BRDA:72,5,0,0
BRDA:72,5,1,0
BRDA:72,5,2,0
BRDA:78,6,0,0
BRDA:78,6,1,0
BRDA:80,7,0,0
BRDA:80,7,1,0
BRDA:92,8,0,0
BRDA:92,8,1,0
BRDA:103,9,0,0
BRDA:103,9,1,0
BRDA:136,10,0,0
BRDA:136,10,1,0
BRDA:139,11,0,0
BRDA:139,11,1,0
BRDA:143,12,0,0
BRDA:143,12,1,0
BRDA:153,13,0,0
BRDA:153,13,1,0
BRDA:155,14,0,0
BRDA:155,14,1,0
BRDA:157,15,0,0
BRDA:157,15,1,0
BRF:33
BRH:0
end_of_record
TN:
SF:app/(auth)/signUp.tsx
FN:31,SignUpScreen
FN:45,(anonymous_1)
FN:51,(anonymous_2)
FN:61,(anonymous_3)
FN:84,(anonymous_4)
FN:95,(anonymous_5)
FNF:6
FNH:0
FNDA:0,SignUpScreen
FNDA:0,(anonymous_1)
FNDA:0,(anonymous_2)
FNDA:0,(anonymous_3)
FNDA:0,(anonymous_4)
FNDA:0,(anonymous_5)
DA:29,0
DA:32,0
DA:33,0
DA:34,0
DA:39,0
DA:40,0
DA:41,0
DA:42,0
DA:43,0
DA:45,0
DA:46,0
DA:47,0
DA:51,0
DA:52,0
DA:53,0
DA:54,0
DA:55,0
DA:56,0
DA:58,0
DA:61,0
DA:62,0
DA:63,0
DA:64,0
DA:65,0
DA:66,0
DA:68,0
DA:69,0
DA:70,0
DA:71,0
DA:73,0
DA:77,0
DA:80,0
DA:84,0
DA:85,0
DA:88,0
DA:95,0
DA:174,0
LF:37
LH:0
BRDA:46,0,0,0
BRDA:46,0,1,0
BRDA:54,1,0,0
BRDA:54,1,1,0
BRDA:54,2,0,0
BRDA:54,2,1,0
BRDA:68,3,0,0
BRDA:68,3,1,0
BRDA:70,4,0,0
BRDA:70,4,1,0
BRDA:70,5,0,0
BRDA:70,5,1,0
BRDA:70,5,2,0
BRDA:75,6,0,0
BRDA:75,6,1,0
BRDA:77,7,0,0
BRDA:77,7,1,0
BRDA:92,8,0,0
BRDA:92,8,1,0
BRDA:123,9,0,0
BRDA:123,9,1,0
BRDA:126,10,0,0
BRDA:126,10,1,0
BRDA:130,11,0,0
BRDA:130,11,1,0
BRDA:140,12,0,0
BRDA:140,12,1,0
BRDA:142,13,0,0
BRDA:142,13,1,0
BRDA:144,14,0,0
BRDA:144,14,1,0
BRDA:154,15,0,0
BRDA:154,15,1,0
BRF:33
BRH:0
end_of_record
TN:
SF:app/(auth)/verifyEmail.tsx
FN:24,VerifyEmailScreen
FN:41,(anonymous_1)
FN:47,(anonymous_2)
FN:55,(anonymous_3)
FN:85,(anonymous_4)
FN:112,(anonymous_5)
FNF:6
FNH:0
FNDA:0,VerifyEmailScreen
FNDA:0,(anonymous_1)
FNDA:0,(anonymous_2)
FNDA:0,(anonymous_3)
FNDA:0,(anonymous_4)
FNDA:0,(anonymous_5)
DA:22,0
DA:25,0
DA:26,0
DA:27,0
DA:32,0
DA:33,0
DA:35,0
DA:36,0
DA:37,0
DA:38,0
DA:39,0
DA:41,0
DA:42,0
DA:43,0
DA:47,0
DA:48,0
DA:51,0
DA:55,0
DA:56,0
DA:57,0
DA:58,0
DA:59,0
DA:61,0
DA:62,0
DA:63,0
DA:64,0
DA:65,0
DA:71,0
DA:72,0
DA:74,0
DA:78,0
DA:80,0
DA:85,0
DA:86,0
DA:87,0
DA:88,0
DA:89,0
DA:90,0
DA:91,0
DA:92,0
DA:95,0
DA:96,0
DA:97,0
DA:98,0
DA:102,0
DA:106,0
DA:108,0
DA:112,0
DA:113,0
DA:114,0
DA:117,0
DA:182,0
LF:52
LH:0
BRDA:33,0,0,0
BRDA:33,0,1,0
BRDA:42,1,0,0
BRDA:42,1,1,0
BRDA:48,2,0,0
BRDA:48,2,1,0
BRDA:48,3,0,0
BRDA:48,3,1,0
BRDA:57,4,0,0
BRDA:57,4,1,0
BRDA:76,5,0,0
BRDA:76,5,1,0
BRDA:78,6,0,0
BRDA:78,6,1,0
BRDA:95,7,0,0
BRDA:95,7,1,0
BRDA:95,8,0,0
BRDA:95,8,1,0
BRDA:97,9,0,0
BRDA:97,9,1,0
BRDA:97,10,0,0
BRDA:97,10,1,0
BRDA:104,11,0,0
BRDA:104,11,1,0
BRDA:106,12,0,0
BRDA:106,12,1,0
BRDA:121,13,0,0
BRDA:121,13,1,0
BRDA:125,14,0,0
BRDA:125,14,1,0
BRDA:137,15,0,0
BRDA:137,15,1,0
BRDA:138,16,0,0
BRDA:138,16,1,0
BRDA:141,17,0,0
BRDA:141,17,1,0
BRDA:141,17,2,0
BRDA:143,18,0,0
BRDA:143,18,1,0
BRDA:143,18,2,0
BRDA:145,19,0,0
BRDA:145,19,1,0
BRDA:154,20,0,0
BRDA:154,20,1,0
BRDA:154,20,2,0
BRDA:156,21,0,0
BRDA:156,21,1,0
BRDA:156,21,2,0
BRDA:158,22,0,0
BRDA:158,22,1,0
BRF:50
BRH:0
end_of_record
TN:
SF:app/(auth)/verifyOtp.tsx
FN:39,(anonymous_0)
FN:75,VerifyOtpScreen
FN:106,(anonymous_2)
FN:114,(anonymous_3)
FN:115,(anonymous_4)
FN:131,(anonymous_5)
FN:135,(anonymous_6)
FN:142,(anonymous_7)
FN:160,(anonymous_8)
FN:170,(anonymous_9)
FN:182,(anonymous_10)
FN:185,(anonymous_11)
FN:190,(anonymous_12)
FN:193,(anonymous_13)
FN:198,(anonymous_14)
FN:276,(anonymous_15)
FN:302,(anonymous_16)
FN:303,(anonymous_17)
FN:338,(anonymous_18)
FN:447,(anonymous_19)
FNF:20
FNH:0
FNDA:0,(anonymous_0)
FNDA:0,VerifyOtpScreen
FNDA:0,(anonymous_2)
FNDA:0,(anonymous_3)
FNDA:0,(anonymous_4)
FNDA:0,(anonymous_5)
FNDA:0,(anonymous_6)
FNDA:0,(anonymous_7)
FNDA:0,(anonymous_8)
FNDA:0,(anonymous_9)
FNDA:0,(anonymous_10)
FNDA:0,(anonymous_11)
FNDA:0,(anonymous_12)
FNDA:0,(anonymous_13)
FNDA:0,(anonymous_14)
FNDA:0,(anonymous_15)
FNDA:0,(anonymous_16)
FNDA:0,(anonymous_17)
FNDA:0,(anonymous_18)
FNDA:0,(anonymous_19)
DA:33,0
DA:36,0
DA:39,0
DA:40,0
DA:46,0
DA:48,0
DA:49,0
DA:50,0
DA:53,0
DA:54,0
DA:55,0
DA:56,0
DA:58,0
DA:59,0
DA:60,0
DA:61,0
DA:63,0
DA:64,0
DA:65,0
DA:66,0
DA:68,0
DA:69,0
DA:72,0
DA:76,0
DA:77,0
DA:78,0
DA:83,0
DA:85,0
DA:86,0
DA:88,0
DA:90,0
DA:91,0
DA:92,0
DA:93,0
DA:94,0
DA:95,0
DA:96,0
DA:97,0
DA:98,0
DA:99,0
DA:100,0
DA:102,0
DA:103,0
DA:104,0
DA:106,0
DA:107,0
DA:108,0
DA:109,0
DA:114,0
DA:115,0
DA:116,0
DA:117,0
DA:119,0
DA:120,0
DA:121,0
DA:122,0
DA:123,0
DA:124,0
DA:125,0
DA:127,0
DA:131,0
DA:135,0
DA:136,0
DA:137,0
DA:138,0
DA:142,0
DA:143,0
DA:144,0
DA:160,0
DA:161,0
DA:162,0
DA:163,0
DA:164,0
DA:165,0
DA:170,0
DA:171,0
DA:172,0
DA:174,0
DA:175,0
DA:176,0
DA:178,0
DA:182,0
DA:184,0
DA:185,0
DA:186,0
DA:187,0
DA:188,0
DA:190,0
DA:193,0
DA:194,0
DA:195,0
DA:196,0
DA:197,0
DA:198,0
DA:200,0
DA:201,0
DA:202,0
DA:203,0
DA:206,0
DA:207,0
DA:208,0
DA:209,0
DA:210,0
DA:211,0
DA:214,0
DA:215,0
DA:216,0
DA:217,0
DA:218,0
DA:219,0
DA:222,0
DA:223,0
DA:224,0
DA:225,0
DA:228,0
DA:230,0
DA:231,0
DA:232,0
DA:233,0
DA:237,0
DA:238,0
DA:241,0
DA:242,0
DA:249,0
DA:251,0
DA:252,0
DA:254,0
DA:255,0
DA:256,0
DA:259,0
DA:260,0
DA:263,0
DA:276,0
DA:277,0
DA:278,0
DA:279,0
DA:281,0
DA:282,0
DA:283,0
DA:284,0
DA:285,0
DA:287,0
DA:290,0
DA:293,0
DA:294,0
DA:295,0
DA:298,0
DA:303,0
DA:304,0
DA:312,0
DA:319,0
DA:320,0
DA:322,0
DA:323,0
DA:325,0
DA:329,0
DA:333,0
DA:338,0
DA:447,0
DA:457,0
LF:160
LH:0
BRDA:41,0,0,0
BRDA:41,0,1,0
BRDA:46,1,0,0
BRDA:46,1,1,0
BRDA:46,1,2,0
BRDA:46,1,3,0
BRDA:46,1,4,0
BRDA:46,1,5,0
BRDA:85,2,0,0
BRDA:85,2,1,0
BRDA:107,3,0,0
BRDA:107,3,1,0
BRDA:119,4,0,0
BRDA:119,4,1,0
BRDA:143,5,0,0
BRDA:143,5,1,0
BRDA:161,6,0,0
BRDA:161,6,1,0
BRDA:161,7,0,0
BRDA:161,7,1,0
BRDA:161,7,2,0
BRDA:163,8,0,0
BRDA:163,8,1,0
BRDA:172,9,0,0
BRDA:172,9,1,0
BRDA:172,10,0,0
BRDA:172,10,1,0
BRDA:172,10,2,0
BRDA:176,11,0,0
BRDA:176,11,1,0
BRDA:176,12,0,0
BRDA:176,12,1,0
BRDA:176,12,2,0
BRDA:184,13,0,0
BRDA:184,13,1,0
BRDA:184,14,0,0
BRDA:184,14,1,0
BRDA:186,15,0,0
BRDA:186,15,1,0
BRDA:200,16,0,0
BRDA:200,16,1,0
BRDA:200,17,0,0
BRDA:200,17,1,0
BRDA:206,18,0,0
BRDA:206,18,1,0
BRDA:214,19,0,0
BRDA:214,19,1,0
BRDA:222,20,0,0
BRDA:222,20,1,0
BRDA:230,21,0,0
BRDA:230,21,1,0
BRDA:232,22,0,0
BRDA:232,22,1,0
BRDA:251,23,0,0
BRDA:251,23,1,0
BRDA:259,24,0,0
BRDA:259,24,1,0
BRDA:259,25,0,0
BRDA:259,25,1,0
BRDA:266,26,0,0
BRDA:266,26,1,0
BRDA:270,27,0,0
BRDA:270,27,1,0
BRDA:277,28,0,0
BRDA:277,28,1,0
BRDA:319,29,0,0
BRDA:319,29,1,0
BRDA:327,30,0,0
BRDA:327,30,1,0
BRDA:337,31,0,0
BRDA:337,31,1,0
BRDA:345,32,0,0
BRDA:345,32,1,0
BRDA:353,33,0,0
BRDA:353,33,1,0
BRDA:357,34,0,0
BRDA:357,34,1,0
BRDA:359,35,0,0
BRDA:359,35,1,0
BRDA:366,36,0,0
BRDA:366,36,1,0
BRDA:367,37,0,0
BRDA:367,37,1,0
BRDA:380,38,0,0
BRDA:380,38,1,0
BRDA:394,39,0,0
BRDA:394,39,1,0
BRDA:417,40,0,0
BRDA:417,40,1,0
BRDA:417,40,2,0
BRDA:417,40,3,0
BRDA:420,41,0,0
BRDA:420,41,1,0
BRDA:420,41,2,0
BRDA:422,42,0,0
BRDA:422,42,1,0
BRDA:434,43,0,0
BRDA:434,43,1,0
BRDA:434,43,2,0
BRDA:439,44,0,0
BRDA:439,44,1,0
BRDA:439,44,2,0
BRDA:439,44,3,0
BRDA:441,45,0,0
BRDA:441,45,1,0
BRF:105
BRH:0
end_of_record
TN:
SF:app/(onboarding)/_layout.tsx
FN:5,OnboardingLayout
FNF:1
FNH:0
FNDA:0,OnboardingLayout
DA:6,0
LF:1
LH:0
BRF:0
BRH:0
end_of_record
TN:
SF:app/(onboarding)/encryptionSetup.tsx
FN:47,EncryptionSetupScreen
FN:58,(anonymous_1)
FN:67,(anonymous_2)
FN:76,(anonymous_3)
FN:82,(anonymous_4)
FN:112,(anonymous_5)
FN:114,(anonymous_6)
FN:136,(anonymous_7)
FN:241,(anonymous_8)
FNF:9
FNH:0
FNDA:0,EncryptionSetupScreen
FNDA:0,(anonymous_1)
FNDA:0,(anonymous_2)
FNDA:0,(anonymous_3)
FNDA:0,(anonymous_4)
FNDA:0,(anonymous_5)
FNDA:0,(anonymous_6)
FNDA:0,(anonymous_7)
FNDA:0,(anonymous_8)
DA:29,0
DA:48,0
DA:49,0
DA:50,0
DA:51,0
DA:52,0
DA:53,0
DA:54,0
DA:55,0
DA:56,0
DA:58,0
DA:59,0
DA:60,0
DA:63,0
DA:67,0
DA:68,0
DA:76,0
DA:82,0
DA:83,0
DA:85,0
DA:86,0
DA:87,0
DA:90,0
DA:91,0
DA:92,0
DA:95,0
DA:96,0
DA:98,0
DA:101,0
DA:102,0
DA:104,0
DA:106,0
DA:113,0
DA:114,0
DA:115,0
DA:124,0
DA:125,0
DA:127,0
DA:131,0
DA:132,0
DA:136,0
DA:205,0
DA:206,0
DA:219,0
DA:242,0
DA:265,0
LF:46
LH:0
BRDA:59,0,0,0
BRDA:59,0,1,0
BRDA:83,1,0,0
BRDA:83,1,1,0
BRDA:85,2,0,0
BRDA:85,2,1,0
BRDA:90,3,0,0
BRDA:90,3,1,0
BRDA:104,4,0,0
BRDA:104,4,1,0
BRDA:131,5,0,0
BRDA:131,5,1,0
BRDA:190,6,0,0
BRDA:190,6,1,0
BRDA:192,7,0,0
BRDA:192,7,1,0
BRDA:192,7,2,0
BRDA:195,8,0,0
BRDA:195,8,1,0
BRDA:205,9,0,0
BRDA:205,9,1,0
BRDA:246,10,0,0
BRDA:246,10,1,0
BRDA:255,11,0,0
BRDA:255,11,1,0
BRF:25
BRH:0
end_of_record
TN:
SF:app/(onboarding)/profileSetup.tsx
FN:34,ProfileSetupScreen
FN:51,(anonymous_1)
FN:80,(anonymous_2)
FN:85,(anonymous_3)
FN:176,(anonymous_4)
FN:176,(anonymous_5)
FN:199,(anonymous_6)
FN:199,(anonymous_7)
FN:209,(anonymous_8)
FN:213,(anonymous_9)
FNF:10
FNH:0
FNDA:0,ProfileSetupScreen
FNDA:0,(anonymous_1)
FNDA:0,(anonymous_2)
FNDA:0,(anonymous_3)
FNDA:0,(anonymous_4)
FNDA:0,(anonymous_5)
FNDA:0,(anonymous_6)
FNDA:0,(anonymous_7)
FNDA:0,(anonymous_8)
FNDA:0,(anonymous_9)
DA:32,0
DA:35,0
DA:36,0
DA:37,0
DA:38,0
DA:39,0
DA:40,0
DA:41,0
DA:42,0
DA:43,0
DA:44,0
DA:47,0
DA:51,0
DA:52,0
DA:53,0
DA:56,0
DA:57,0
DA:59,0
DA:60,0
DA:61,0
DA:64,0
DA:66,0
DA:67,0
DA:74,0
DA:80,0
DA:81,0
DA:82,0
DA:85,0
DA:86,0
DA:87,0
DA:88,0
DA:91,0
DA:92,0
DA:93,0
DA:96,0
DA:97,0
DA:98,0
DA:100,0
DA:103,0
DA:104,0
DA:105,0
DA:106,0
DA:107,0
DA:110,0
DA:111,0
DA:112,0
DA:122,0
DA:124,0
DA:125,0
DA:127,0
DA:130,0
DA:139,0
DA:141,0
DA:145,0
DA:176,0
DA:199,0
DA:210,0
DA:213,0
DA:242,0
LF:59
LH:0
BRDA:37,0,0,0
BRDA:37,0,1,0
BRDA:38,1,0,0
BRDA:38,1,1,0
BRDA:52,2,0,0
BRDA:52,2,1,0
BRDA:56,3,0,0
BRDA:56,3,1,0
BRDA:57,4,0,0
BRDA:57,4,1,0
BRDA:60,5,0,0
BRDA:60,5,1,0
BRDA:74,6,0,0
BRDA:74,6,1,0
BRDA:86,7,0,0
BRDA:86,7,1,0
BRDA:86,8,0,0
BRDA:86,8,1,0
BRDA:92,9,0,0
BRDA:92,9,1,0
BRDA:96,10,0,0
BRDA:96,10,1,0
BRDA:96,11,0,0
BRDA:96,11,1,0
BRDA:106,12,0,0
BRDA:106,12,1,0
BRDA:118,13,0,0
BRDA:118,13,1,0
BRDA:122,14,0,0
BRDA:122,14,1,0
BRDA:127,15,0,0
BRDA:127,15,1,0
BRDA:139,16,0,0
BRDA:139,16,1,0
BRDA:150,17,0,0
BRDA:150,17,1,0
BRDA:180,18,0,0
BRDA:180,18,1,0
BRDA:184,19,0,0
BRDA:184,19,1,0
BRDA:187,20,0,0
BRDA:187,20,1,0
BRDA:189,21,0,0
BRDA:189,21,1,0
BRDA:203,22,0,0
BRDA:203,22,1,0
BRDA:207,23,0,0
BRDA:207,23,1,0
BRDA:221,24,0,0
BRDA:221,24,1,0
BRDA:224,25,0,0
BRDA:224,25,1,0
BRDA:228,26,0,0
BRDA:228,26,1,0
BRF:54
BRH:0
end_of_record
TN:
SF:app/(screens)/CalendarScreen.tsx
FN:37,(anonymous_0)
FN:62,(anonymous_1)
FN:65,(anonymous_2)
FN:90,(anonymous_3)
FN:111,(anonymous_4)
FN:116,(anonymous_5)
FN:131,(anonymous_6)
FN:141,(anonymous_7)
FN:200,(anonymous_8)
FN:211,(anonymous_9)
FN:224,(anonymous_10)
FN:240,(anonymous_11)
FN:295,(anonymous_12)
FN:299,(anonymous_13)
FN:349,(anonymous_14)
FN:362,(anonymous_15)
FNF:16
FNH:0
FNDA:0,(anonymous_0)
FNDA:0,(anonymous_1)
FNDA:0,(anonymous_2)
FNDA:0,(anonymous_3)
FNDA:0,(anonymous_4)
FNDA:0,(anonymous_5)
FNDA:0,(anonymous_6)
FNDA:0,(anonymous_7)
FNDA:0,(anonymous_8)
FNDA:0,(anonymous_9)
FNDA:0,(anonymous_10)
FNDA:0,(anonymous_11)
FNDA:0,(anonymous_12)
FNDA:0,(anonymous_13)
FNDA:0,(anonymous_14)
FNDA:0,(anonymous_15)
DA:37,0
DA:38,0
DA:39,0
DA:42,0
DA:48,0
DA:51,0
DA:52,0
DA:53,0
DA:54,0
DA:57,0
DA:58,0
DA:59,0
DA:62,0
DA:65,0
DA:66,0
DA:69,0
DA:75,0
DA:76,0
DA:82,0
DA:90,0
DA:91,0
DA:92,0
DA:93,0
DA:99,0
DA:107,0
DA:111,0
DA:112,0
DA:116,0
DA:117,0
DA:118,0
DA:119,0
DA:120,0
DA:123,0
DA:131,0
DA:132,0
DA:133,0
DA:136,0
DA:139,0
DA:141,0
DA:143,0
DA:144,0
DA:145,0
DA:146,0
DA:148,0
DA:152,0
DA:156,0
DA:157,0
DA:158,0
DA:159,0
DA:161,0
DA:162,0
DA:165,0
DA:169,0
DA:182,0
DA:183,0
DA:184,0
DA:187,0
DA:190,0
DA:192,0
DA:193,0
DA:195,0
DA:200,0
DA:201,0
DA:202,0
DA:205,0
DA:206,0
DA:211,0
DA:212,0
DA:213,0
DA:214,0
DA:216,0
DA:224,0
DA:225,0
DA:226,0
DA:227,0
DA:232,0
DA:240,0
DA:241,0
DA:243,0
DA:244,0
DA:247,0
DA:248,0
DA:251,0
DA:260,0
DA:269,0
DA:295,0
DA:296,0
DA:299,0
DA:316,0
DA:318,0
DA:319,0
DA:331,0
DA:350,0
DA:364,0
DA:391,0
LF:95
LH:0
BRDA:75,0,0,0
BRDA:75,0,1,0
BRDA:91,1,0,0
BRDA:91,1,1,0
BRDA:91,2,0,0
BRDA:91,2,1,0
BRDA:92,3,0,0
BRDA:92,3,1,0
BRDA:96,4,0,0
BRDA:96,4,1,0
BRDA:118,5,0,0
BRDA:118,5,1,0
BRDA:144,6,0,0
BRDA:144,6,1,0
BRDA:152,7,0,0
BRDA:152,7,1,0
BRDA:156,8,0,0
BRDA:156,8,1,0
BRDA:159,9,0,0
BRDA:159,9,1,0
BRDA:171,10,0,0
BRDA:171,10,1,0
BRDA:175,11,0,0
BRDA:175,11,1,0
BRDA:176,12,0,0
BRDA:176,12,1,0
BRDA:177,13,0,0
BRDA:177,13,1,0
BRDA:178,14,0,0
BRDA:178,14,1,0
BRDA:183,15,0,0
BRDA:183,15,1,0
BRDA:201,16,0,0
BRDA:201,16,1,0
BRDA:298,17,0,0
BRDA:298,17,1,0
BRDA:302,18,0,0
BRDA:302,18,1,0
BRDA:305,19,0,0
BRDA:305,19,1,0
BRDA:318,20,0,0
BRDA:318,20,1,0
BRF:42
BRH:0
end_of_record
TN:
SF:app/(screens)/EventListScreen.tsx
FN:53,(anonymous_0)
FN:54,(anonymous_1)
FN:68,(anonymous_2)
FN:69,(anonymous_3)
FN:70,(anonymous_4)
FN:115,(anonymous_5)
FN:118,(anonymous_6)
FN:125,(anonymous_7)
FN:141,(anonymous_8)
FN:162,(anonymous_9)
FN:169,(anonymous_10)
FN:175,(anonymous_11)
FN:197,(anonymous_12)
FN:211,(anonymous_13)
FN:236,(anonymous_14)
FN:244,(anonymous_15)
FN:292,(anonymous_16)
FN:293,(anonymous_17)
FN:309,(anonymous_18)
FN:323,(anonymous_19)
FN:324,(anonymous_20)
FN:336,(anonymous_21)
FN:357,(anonymous_22)
FN:364,(anonymous_23)
FN:365,(anonymous_24)
FN:368,(anonymous_25)
FN:369,(anonymous_26)
FN:373,(anonymous_27)
FN:374,(anonymous_28)
FN:379,(anonymous_29)
FN:458,(anonymous_30)
FN:462,(anonymous_31)
FNF:32
FNH:0
FNDA:0,(anonymous_0)
FNDA:0,(anonymous_1)
FNDA:0,(anonymous_2)
FNDA:0,(anonymous_3)
FNDA:0,(anonymous_4)
FNDA:0,(anonymous_5)
FNDA:0,(anonymous_6)
FNDA:0,(anonymous_7)
FNDA:0,(anonymous_8)
FNDA:0,(anonymous_9)
FNDA:0,(anonymous_10)
FNDA:0,(anonymous_11)
FNDA:0,(anonymous_12)
FNDA:0,(anonymous_13)
FNDA:0,(anonymous_14)
FNDA:0,(anonymous_15)
FNDA:0,(anonymous_16)
FNDA:0,(anonymous_17)
FNDA:0,(anonymous_18)
FNDA:0,(anonymous_19)
FNDA:0,(anonymous_20)
FNDA:0,(anonymous_21)
FNDA:0,(anonymous_22)
FNDA:0,(anonymous_23)
FNDA:0,(anonymous_24)
FNDA:0,(anonymous_25)
FNDA:0,(anonymous_26)
FNDA:0,(anonymous_27)
FNDA:0,(anonymous_28)
FNDA:0,(anonymous_29)
FNDA:0,(anonymous_30)
FNDA:0,(anonymous_31)
DA:53,0
DA:54,0
DA:55,0
DA:56,0
DA:57,0
DA:61,0
DA:63,0
DA:115,0
DA:116,0
DA:119,0
DA:125,0
DA:141,0
DA:142,0
DA:143,0
DA:144,0
DA:145,0
DA:146,0
DA:147,0
DA:148,0
DA:150,0
DA:151,0
DA:152,0
DA:155,0
DA:162,0
DA:163,0
DA:169,0
DA:170,0
DA:176,0
DA:177,0
DA:178,0
DA:180,0
DA:183,0
DA:191,0
DA:198,0
DA:199,0
DA:200,0
DA:202,0
DA:205,0
DA:211,0
DA:212,0
DA:213,0
DA:214,0
DA:215,0
DA:216,0
DA:217,0
DA:219,0
DA:222,0
DA:223,0
DA:224,0
DA:225,0
DA:227,0
DA:228,0
DA:229,0
DA:230,0
DA:231,0
DA:232,0
DA:235,0
DA:236,0
DA:237,0
DA:238,0
DA:240,0
DA:245,0
DA:248,0
DA:254,0
DA:255,0
DA:256,0
DA:258,0
DA:261,0
DA:267,0
DA:270,0
DA:271,0
DA:274,0
DA:275,0
DA:276,0
DA:277,0
DA:278,0
DA:280,0
DA:283,0
DA:286,0
DA:287,0
DA:292,0
DA:293,0
DA:294,0
DA:295,0
DA:296,0
DA:297,0
DA:298,0
DA:301,0
DA:309,0
DA:322,0
DA:324,0
DA:325,0
DA:326,0
DA:328,0
DA:329,0
DA:332,0
DA:336,0
DA:337,0
DA:338,0
DA:341,0
DA:342,0
DA:343,0
DA:344,0
DA:346,0
DA:351,0
DA:353,0
DA:357,0
DA:358,0
DA:359,0
DA:360,0
DA:362,0
DA:363,0
DA:364,0
DA:365,0
DA:366,0
DA:367,0
DA:368,0
DA:369,0
DA:370,0
DA:371,0
DA:372,0
DA:373,0
DA:374,0
DA:377,0
DA:378,0
DA:379,0
DA:380,0
DA:384,0
DA:386,0
DA:392,0
DA:396,0
DA:398,0
DA:399,0
DA:413,0
DA:459,0
DA:463,0
DA:464,0
DA:466,0
DA:484,0
LF:139
LH:0
BRDA:65,0,0,0
BRDA:65,0,1,0
BRDA:65,0,2,0
BRDA:78,1,0,0
BRDA:78,1,1,0
BRDA:81,2,0,0
BRDA:81,2,1,0
BRDA:88,3,0,0
BRDA:88,3,1,0
BRDA:123,4,0,0
BRDA:123,4,1,0
BRDA:130,5,0,0
BRDA:130,5,1,0
BRDA:163,6,0,0
BRDA:163,6,1,0
BRDA:172,7,0,0
BRDA:172,7,1,0
BRDA:177,8,0,0
BRDA:177,8,1,0
BRDA:199,9,0,0
BRDA:199,9,1,0
BRDA:211,10,0,0
BRDA:213,11,0,0
BRDA:213,11,1,0
BRDA:222,12,0,0
BRDA:222,12,1,0
BRDA:222,13,0,0
BRDA:222,13,1,0
BRDA:224,14,0,0
BRDA:224,14,1,0
BRDA:227,15,0,0
BRDA:227,15,1,0
BRDA:228,16,0,0
BRDA:228,16,1,0
BRDA:228,17,0,0
BRDA:228,17,1,0
BRDA:235,18,0,0
BRDA:235,18,1,0
BRDA:235,19,0,0
BRDA:235,19,1,0
BRDA:254,20,0,0
BRDA:254,20,1,0
BRDA:276,21,0,0
BRDA:276,21,1,0
BRDA:295,22,0,0
BRDA:295,22,1,0
BRDA:297,23,0,0
BRDA:297,23,1,0
BRDA:303,24,0,0
BRDA:303,24,1,0
BRDA:305,25,0,0
BRDA:305,25,1,0
BRDA:306,26,0,0
BRDA:306,26,1,0
BRDA:307,27,0,0
BRDA:307,27,1,0
BRDA:308,28,0,0
BRDA:308,28,1,0
BRDA:309,29,0,0
BRDA:309,29,1,0
BRDA:311,30,0,0
BRDA:311,30,1,0
BRDA:314,31,0,0
BRDA:314,31,1,0
BRDA:315,32,0,0
BRDA:315,32,1,0
BRDA:325,33,0,0
BRDA:325,33,1,0
BRDA:341,34,0,0
BRDA:341,34,1,0
BRDA:362,35,0,0
BRDA:362,35,1,0
BRDA:364,36,0,0
BRDA:364,36,1,0
BRDA:366,37,0,0
BRDA:366,37,1,0
BRDA:368,38,0,0
BRDA:368,38,1,0
BRDA:370,39,0,0
BRDA:370,39,1,0
BRDA:377,40,0,0
BRDA:377,40,1,0
BRDA:380,41,0,0
BRDA:380,41,1,0
BRDA:380,41,2,0
BRDA:398,42,0,0
BRDA:398,42,1,0
BRDA:398,43,0,0
BRDA:398,43,1,0
BRDA:398,43,2,0
BRDA:435,44,0,0
BRDA:435,44,1,0
BRDA:447,45,0,0
BRDA:447,45,1,0
BRDA:452,46,0,0
BRDA:452,46,1,0
BRDA:453,47,0,0
BRDA:453,47,1,0
BRDA:454,48,0,0
BRDA:454,48,1,0
BRDA:559,49,0,0
BRDA:559,49,1,0
BRF:102
BRH:0
end_of_record
TN:
SF:app/(screens)/StyleGuide.tsx
FN:36,(anonymous_0)
FN:52,(anonymous_1)
FN:54,(anonymous_2)
FN:58,(anonymous_3)
FN:60,(anonymous_4)
FN:65,(anonymous_5)
FN:66,(anonymous_6)
FN:81,(anonymous_7)
FN:108,(anonymous_8)
FN:132,(anonymous_9)
FN:158,(anonymous_10)
FN:278,(anonymous_11)
FN:331,(anonymous_12)
FN:356,(anonymous_13)
FN:376,(anonymous_14)
FN:398,(anonymous_15)
FNF:16
FNH:0
FNDA:0,(anonymous_0)
FNDA:0,(anonymous_1)
FNDA:0,(anonymous_2)
FNDA:0,(anonymous_3)
FNDA:0,(anonymous_4)
FNDA:0,(anonymous_5)
FNDA:0,(anonymous_6)
FNDA:0,(anonymous_7)
FNDA:0,(anonymous_8)
FNDA:0,(anonymous_9)
FNDA:0,(anonymous_10)
FNDA:0,(anonymous_11)
FNDA:0,(anonymous_12)
FNDA:0,(anonymous_13)
FNDA:0,(anonymous_14)
FNDA:0,(anonymous_15)
DA:29,0
DA:36,0
DA:37,0
DA:43,0
DA:44,0
DA:47,0
DA:48,0
DA:49,0
DA:52,0
DA:53,0
DA:54,0
DA:58,0
DA:60,0
DA:61,0
DA:65,0
DA:66,0
DA:67,0
DA:68,0
DA:70,0
DA:77,0
DA:81,0
DA:82,0
DA:83,0
DA:91,0
DA:97,0
DA:108,0
DA:109,0
DA:110,0
DA:117,0
DA:122,0
DA:132,0
DA:133,0
DA:134,0
DA:142,0
DA:147,0
DA:158,0
DA:159,0
DA:160,0
DA:167,0
DA:172,0
DA:181,0
DA:279,0
DA:332,0
DA:335,0
DA:357,0
DA:360,0
DA:377,0
DA:380,0
DA:399,0
DA:402,0
DA:419,0
LF:51
LH:0
BRDA:44,0,0,0
BRDA:44,0,1,0
BRDA:81,1,0,0
BRDA:230,2,0,0
BRDA:230,2,1,0
BRDA:231,3,0,0
BRDA:231,3,1,0
BRDA:233,4,0,0
BRDA:233,4,1,0
BRDA:279,5,0,0
BRDA:279,5,1,0
BRF:11
BRH:0
end_of_record
TN:
SF:app/(screens)/ViewProfileScreen.tsx
FN:15,ViewProfileScreenContent
FN:36,(anonymous_1)
FN:69,(anonymous_2)
FN:75,(anonymous_3)
FN:76,(anonymous_4)
FN:80,(anonymous_5)
FN:82,(anonymous_6)
FN:94,(anonymous_7)
FN:105,(anonymous_8)
FN:111,(anonymous_9)
FN:113,(anonymous_10)
FN:119,(anonymous_11)
FN:125,(anonymous_12)
FN:133,(anonymous_13)
FN:155,(anonymous_14)
FN:187,(anonymous_15)
FN:192,(anonymous_16)
FN:195,(anonymous_17)
FN:199,(anonymous_18)
FN:222,(anonymous_19)
FN:228,(anonymous_20)
FN:235,(anonymous_21)
FN:252,(anonymous_22)
FN:263,(anonymous_23)
FN:288,(anonymous_24)
FN:296,(anonymous_25)
FN:309,(anonymous_26)
FN:331,(anonymous_27)
FN:457,ViewProfileScreen
FNF:29
FNH:0
FNDA:0,ViewProfileScreenContent
FNDA:0,(anonymous_1)
FNDA:0,(anonymous_2)
FNDA:0,(anonymous_3)
FNDA:0,(anonymous_4)
FNDA:0,(anonymous_5)
FNDA:0,(anonymous_6)
FNDA:0,(anonymous_7)
FNDA:0,(anonymous_8)
FNDA:0,(anonymous_9)
FNDA:0,(anonymous_10)
FNDA:0,(anonymous_11)
FNDA:0,(anonymous_12)
FNDA:0,(anonymous_13)
FNDA:0,(anonymous_14)
FNDA:0,(anonymous_15)
FNDA:0,(anonymous_16)
FNDA:0,(anonymous_17)
FNDA:0,(anonymous_18)
FNDA:0,(anonymous_19)
FNDA:0,(anonymous_20)
FNDA:0,(anonymous_21)
FNDA:0,(anonymous_22)
FNDA:0,(anonymous_23)
FNDA:0,(anonymous_24)
FNDA:0,(anonymous_25)
FNDA:0,(anonymous_26)
FNDA:0,(anonymous_27)
FNDA:0,ViewProfileScreen
DA:16,0
DA:17,0
DA:18,0
DA:19,0
DA:20,0
DA:23,0
DA:29,0
DA:30,0
DA:31,0
DA:32,0
DA:33,0
DA:34,0
DA:36,0
DA:37,0
DA:38,0
DA:39,0
DA:40,0
DA:41,0
DA:42,0
DA:43,0
DA:44,0
DA:48,0
DA:50,0
DA:51,0
DA:52,0
DA:53,0
DA:55,0
DA:56,0
DA:57,0
DA:58,0
DA:64,0
DA:69,0
DA:70,0
DA:75,0
DA:76,0
DA:80,0
DA:81,0
DA:82,0
DA:92,0
DA:95,0
DA:105,0
DA:106,0
DA:110,0
DA:112,0
DA:113,0
DA:119,0
DA:120,0
DA:121,0
DA:125,0
DA:126,0
DA:127,0
DA:129,0
DA:134,0
DA:135,0
DA:141,0
DA:142,0
DA:143,0
DA:147,0
DA:155,0
DA:156,0
DA:157,0
DA:158,0
DA:159,0
DA:164,0
DA:167,0
DA:168,0
DA:170,0
DA:171,0
DA:172,0
DA:173,0
DA:175,0
DA:176,0
DA:177,0
DA:183,0
DA:187,0
DA:188,0
DA:192,0
DA:195,0
DA:199,0
DA:200,0
DA:202,0
DA:203,0
DA:205,0
DA:206,0
DA:208,0
DA:211,0
DA:219,0
DA:223,0
DA:229,0
DA:240,0
DA:241,0
DA:248,0
DA:249,0
DA:252,0
DA:259,0
DA:260,0
DA:263,0
DA:270,0
DA:277,0
DA:288,0
DA:298,0
DA:300,0
DA:309,0
DA:331,0
DA:339,0
DA:458,0
LF:106
LH:0
BRDA:16,0,0,0
BRDA:16,0,1,0
BRDA:40,1,0,0
BRDA:40,1,1,0
BRDA:40,1,2,0
BRDA:40,1,3,0
BRDA:41,2,0,0
BRDA:41,2,1,0
BRDA:52,3,0,0
BRDA:52,3,1,0
BRDA:52,3,2,0
BRDA:60,4,0,0
BRDA:60,4,1,0
BRDA:60,4,2,0
BRDA:70,5,0,0
BRDA:70,5,1,0
BRDA:70,6,0,0
BRDA:70,6,1,0
BRDA:71,7,0,0
BRDA:71,7,1,0
BRDA:72,8,0,0
BRDA:72,8,1,0
BRDA:120,9,0,0
BRDA:120,9,1,0
BRDA:127,10,0,0
BRDA:127,10,1,0
BRDA:127,11,0,0
BRDA:127,11,1,0
BRDA:142,12,0,0
BRDA:142,12,1,0
BRDA:142,13,0,0
BRDA:142,13,1,0
BRDA:156,14,0,0
BRDA:156,14,1,0
BRDA:156,15,0,0
BRDA:156,15,1,0
BRDA:176,16,0,0
BRDA:176,16,1,0
BRDA:190,17,0,0
BRDA:190,17,1,0
BRDA:203,18,0,0
BRDA:203,18,1,0
BRDA:205,19,0,0
BRDA:205,19,1,0
BRDA:240,20,0,0
BRDA:240,20,1,0
BRDA:248,21,0,0
BRDA:248,21,1,0
BRDA:259,22,0,0
BRDA:259,22,1,0
BRDA:259,23,0,0
BRDA:259,23,1,0
BRDA:281,24,0,0
BRDA:281,24,1,0
BRDA:281,25,0,0
BRDA:281,25,1,0
BRDA:281,26,0,0
BRDA:281,26,1,0
BRDA:281,26,2,0
BRDA:284,27,0,0
BRDA:284,27,1,0
BRDA:298,28,0,0
BRDA:298,28,1,0
BRDA:298,29,0,0
BRDA:298,29,1,0
BRDA:302,30,0,0
BRDA:302,30,1,0
BRDA:305,31,0,0
BRDA:305,31,1,0
BRDA:308,32,0,0
BRDA:308,32,1,0
BRDA:312,33,0,0
BRDA:312,33,1,0
BRDA:315,34,0,0
BRDA:315,34,1,0
BRDA:322,35,0,0
BRDA:322,35,1,0
BRDA:355,36,0,0
BRDA:355,36,1,0
BRF:79
BRH:0
end_of_record
TN:
SF:app/(screens)/aboutDynasty.tsx
FN:15,(anonymous_0)
FN:24,(anonymous_1)
FN:39,(anonymous_2)
FN:43,(anonymous_3)
FN:77,(anonymous_4)
FN:83,(anonymous_5)
FNF:6
FNH:0
FNDA:0,(anonymous_0)
FNDA:0,(anonymous_1)
FNDA:0,(anonymous_2)
FNDA:0,(anonymous_3)
FNDA:0,(anonymous_4)
FNDA:0,(anonymous_5)
DA:11,0
DA:12,0
DA:13,0
DA:15,0
DA:16,0
DA:17,0
DA:18,0
DA:24,0
DA:25,0
DA:26,0
DA:31,0
DA:39,0
DA:40,0
DA:43,0
DA:44,0
DA:45,0
DA:46,0
DA:47,0
DA:48,0
DA:50,0
DA:53,0
DA:58,0
DA:62,0
DA:77,0
DA:83,0
DA:99,0
LF:26
LH:0
BRDA:45,0,0,0
BRDA:45,0,1,0
BRDA:47,1,0,0
BRDA:47,1,1,0
BRF:4
BRH:0
end_of_record
TN:
SF:app/(screens)/aboutScreen.tsx
FN:10,(anonymous_0)
FN:23,(anonymous_1)
FN:27,(anonymous_2)
FN:28,(anonymous_3)
FN:32,(anonymous_4)
FN:38,(anonymous_5)
FN:47,(anonymous_6)
FN:70,(anonymous_7)
FN:77,(anonymous_8)
FN:84,(anonymous_9)
FN:169,(anonymous_10)
FNF:11
FNH:0
FNDA:0,(anonymous_0)
FNDA:0,(anonymous_1)
FNDA:0,(anonymous_2)
FNDA:0,(anonymous_3)
FNDA:0,(anonymous_4)
FNDA:0,(anonymous_5)
FNDA:0,(anonymous_6)
FNDA:0,(anonymous_7)
FNDA:0,(anonymous_8)
FNDA:0,(anonymous_9)
FNDA:0,(anonymous_10)
DA:10,0
DA:11,0
DA:12,0
DA:13,0
DA:16,0
DA:23,0
DA:24,0
DA:27,0
DA:28,0
DA:29,0
DA:33,0
DA:38,0
DA:44,0
DA:47,0
DA:48,0
DA:52,0
DA:70,0
DA:77,0
DA:84,0
DA:100,0
DA:169,0
DA:170,0
LF:22
LH:0
BRDA:36,0,0,0
BRDA:36,0,1,0
BRF:2
BRH:0
end_of_record
TN:
SF:app/(screens)/accountSecurity.tsx
FN:18,(anonymous_0)
FN:30,(anonymous_1)
FN:36,(anonymous_2)
FN:43,(anonymous_3)
FN:74,(anonymous_4)
FN:134,(anonymous_5)
FN:143,(anonymous_6)
FN:152,(anonymous_7)
FN:162,(anonymous_8)
FN:172,(anonymous_9)
FN:180,(anonymous_10)
FNF:11
FNH:0
FNDA:0,(anonymous_0)
FNDA:0,(anonymous_1)
FNDA:0,(anonymous_2)
FNDA:0,(anonymous_3)
FNDA:0,(anonymous_4)
FNDA:0,(anonymous_5)
FNDA:0,(anonymous_6)
FNDA:0,(anonymous_7)
FNDA:0,(anonymous_8)
FNDA:0,(anonymous_9)
FNDA:0,(anonymous_10)
DA:16,0
DA:18,0
DA:19,0
DA:20,0
DA:21,0
DA:26,0
DA:27,0
DA:30,0
DA:31,0
DA:36,0
DA:37,0
DA:43,0
DA:44,0
DA:46,0
DA:47,0
DA:48,0
DA:52,0
DA:53,0
DA:56,0
DA:58,0
DA:59,0
DA:64,0
DA:68,0
DA:74,0
DA:75,0
DA:77,0
DA:78,0
DA:79,0
DA:81,0
DA:83,0
DA:90,0
DA:94,0
DA:134,0
DA:143,0
DA:152,0
DA:162,0
DA:172,0
DA:181,0
DA:202,0
LF:39
LH:0
BRDA:31,0,0,0
BRDA:31,0,1,0
BRDA:46,1,0,0
BRDA:46,1,1,0
BRDA:46,2,0,0
BRDA:46,2,1,0
BRDA:81,3,0,0
BRDA:81,3,1,0
BRDA:113,4,0,0
BRDA:113,4,1,0
BRDA:123,5,0,0
BRDA:123,5,1,0
BRDA:182,6,0,0
BRDA:182,6,1,0
BRDA:190,7,0,0
BRDA:190,7,1,0
BRF:16
BRH:0
end_of_record
TN:
SF:app/(screens)/accountSettings.tsx
FN:18,(anonymous_0)
FN:27,(anonymous_1)
FN:34,(anonymous_2)
FN:40,(anonymous_3)
FN:58,(anonymous_4)
FN:79,(anonymous_5)
FN:84,(anonymous_6)
FN:89,(anonymous_7)
FN:94,(anonymous_8)
FN:99,(anonymous_9)
FN:113,(anonymous_10)
FN:114,(anonymous_11)
FN:115,(anonymous_12)
FN:116,(anonymous_13)
FNF:14
FNH:0
FNDA:0,(anonymous_0)
FNDA:0,(anonymous_1)
FNDA:0,(anonymous_2)
FNDA:0,(anonymous_3)
FNDA:0,(anonymous_4)
FNDA:0,(anonymous_5)
FNDA:0,(anonymous_6)
FNDA:0,(anonymous_7)
FNDA:0,(anonymous_8)
FNDA:0,(anonymous_9)
FNDA:0,(anonymous_10)
FNDA:0,(anonymous_11)
FNDA:0,(anonymous_12)
FNDA:0,(anonymous_13)
DA:18,0
DA:19,0
DA:20,0
DA:21,0
DA:27,0
DA:28,0
DA:34,0
DA:35,0
DA:40,0
DA:41,0
DA:42,0
DA:43,0
DA:44,0
DA:45,0
DA:47,0
DA:54,0
DA:58,0
DA:59,0
DA:60,0
DA:61,0
DA:63,0
DA:71,0
DA:75,0
DA:79,0
DA:84,0
DA:89,0
DA:94,0
DA:99,0
DA:108,0
DA:113,0
DA:114,0
DA:115,0
DA:117,0
DA:127,0
LF:34
LH:0
BRDA:35,0,0,0
BRDA:35,0,1,0
BRF:2
BRH:0
end_of_record
TN:
SF:app/(screens)/addFamilyMember.tsx
FN:22,(anonymous_0)
FN:60,(anonymous_1)
FN:64,(anonymous_2)
FN:93,(anonymous_3)
FN:169,(anonymous_4)
FN:194,(anonymous_5)
FN:217,(anonymous_6)
FN:233,(anonymous_7)
FN:249,(anonymous_8)
FN:295,(anonymous_9)
FN:314,(anonymous_10)
FN:353,(anonymous_11)
FNF:12
FNH:0
FNDA:0,(anonymous_0)
FNDA:0,(anonymous_1)
FNDA:0,(anonymous_2)
FNDA:0,(anonymous_3)
FNDA:0,(anonymous_4)
FNDA:0,(anonymous_5)
FNDA:0,(anonymous_6)
FNDA:0,(anonymous_7)
FNDA:0,(anonymous_8)
FNDA:0,(anonymous_9)
FNDA:0,(anonymous_10)
FNDA:0,(anonymous_11)
DA:22,0
DA:23,0
DA:24,0
DA:25,0
DA:28,0
DA:36,0
DA:42,0
DA:44,0
DA:45,0
DA:47,0
DA:48,0
DA:49,0
DA:51,0
DA:52,0
DA:55,0
DA:57,0
DA:60,0
DA:61,0
DA:64,0
DA:66,0
DA:67,0
DA:70,0
DA:75,0
DA:93,0
DA:94,0
DA:96,0
DA:97,0
DA:98,0
DA:104,0
DA:107,0
DA:108,0
DA:109,0
DA:115,0
DA:118,0
DA:119,0
DA:120,0
DA:125,0
DA:128,0
DA:129,0
DA:130,0
DA:137,0
DA:140,0
DA:142,0
DA:143,0
DA:157,0
DA:163,0
DA:165,0
DA:169,0
DA:175,0
DA:190,0
DA:194,0
DA:195,0
DA:196,0
DA:197,0
DA:199,0
DA:212,0
DA:217,0
DA:218,0
DA:219,0
DA:220,0
DA:222,0
DA:224,0
DA:233,0
DA:234,0
DA:235,0
DA:236,0
DA:238,0
DA:240,0
DA:249,0
DA:250,0
DA:251,0
DA:252,0
DA:254,0
DA:262,0
DA:295,0
DA:314,0
DA:353,0
DA:363,0
LF:78
LH:0
BRDA:36,0,0,0
BRDA:67,1,0,0
BRDA:67,1,1,0
BRDA:96,2,0,0
BRDA:96,2,1,0
BRDA:96,3,0,0
BRDA:96,3,1,0
BRDA:107,4,0,0
BRDA:107,4,1,0
BRDA:118,5,0,0
BRDA:118,5,1,0
BRDA:128,6,0,0
BRDA:128,6,1,0
BRDA:128,7,0,0
BRDA:128,7,1,0
BRDA:128,7,2,0
BRDA:212,8,0,0
BRDA:212,8,1,0
BRDA:219,9,0,0
BRDA:219,9,1,0
BRDA:235,10,0,0
BRDA:235,10,1,0
BRDA:288,11,0,0
BRDA:288,11,1,0
BRDA:297,12,0,0
BRDA:297,12,1,0
BRDA:348,13,0,0
BRDA:348,13,1,0
BRF:28
BRH:0
end_of_record
TN:
SF:app/(screens)/auditLogs.tsx
FN:27,AuditLogsScreen
FN:36,(anonymous_1)
FN:40,(anonymous_2)
FN:60,(anonymous_3)
FN:92,(anonymous_4)
FN:111,(anonymous_5)
FN:121,(anonymous_6)
FN:124,(anonymous_7)
FN:136,(anonymous_8)
FN:163,(anonymous_9)
FN:164,(anonymous_10)
FN:173,(anonymous_11)
FN:184,(anonymous_12)
FN:217,(anonymous_13)
FN:227,(anonymous_14)
FNF:15
FNH:0
FNDA:0,AuditLogsScreen
FNDA:0,(anonymous_1)
FNDA:0,(anonymous_2)
FNDA:0,(anonymous_3)
FNDA:0,(anonymous_4)
FNDA:0,(anonymous_5)
FNDA:0,(anonymous_6)
FNDA:0,(anonymous_7)
FNDA:0,(anonymous_8)
FNDA:0,(anonymous_9)
FNDA:0,(anonymous_10)
FNDA:0,(anonymous_11)
FNDA:0,(anonymous_12)
FNDA:0,(anonymous_13)
FNDA:0,(anonymous_14)
DA:28,0
DA:29,0
DA:30,0
DA:31,0
DA:32,0
DA:33,0
DA:34,0
DA:36,0
DA:37,0
DA:40,0
DA:41,0
DA:42,0
DA:43,0
DA:49,0
DA:50,0
DA:53,0
DA:54,0
DA:56,0
DA:60,0
DA:61,0
DA:62,0
DA:63,0
DA:68,0
DA:69,0
DA:71,0
DA:76,0
DA:77,0
DA:82,0
DA:85,0
DA:86,0
DA:88,0
DA:92,0
DA:93,0
DA:95,0
DA:97,0
DA:99,0
DA:101,0
DA:103,0
DA:105,0
DA:107,0
DA:111,0
DA:112,0
DA:113,0
DA:115,0
DA:116,0
DA:118,0
DA:121,0
DA:122,0
DA:124,0
DA:136,0
DA:149,0
DA:158,0
DA:164,0
DA:174,0
DA:184,0
DA:217,0
DA:227,0
DA:239,0
LF:58
LH:0
BRDA:46,0,0,0
BRDA:46,0,1,0
BRDA:49,1,0,0
BRDA:49,1,1,0
BRDA:49,2,0,0
BRDA:49,2,1,0
BRDA:73,3,0,0
BRDA:73,3,1,0
BRDA:76,4,0,0
BRDA:76,4,1,0
BRDA:78,5,0,0
BRDA:78,5,1,0
BRDA:93,6,0,0
BRDA:93,6,1,0
BRDA:93,6,2,0
BRDA:93,6,3,0
BRDA:93,6,4,0
BRDA:93,6,5,0
BRDA:93,6,6,0
BRDA:112,7,0,0
BRDA:112,7,1,0
BRDA:112,8,0,0
BRDA:112,8,1,0
BRDA:115,9,0,0
BRDA:115,9,1,0
BRDA:115,10,0,0
BRDA:115,10,1,0
BRDA:123,11,0,0
BRDA:123,11,1,0
BRDA:126,12,0,0
BRDA:126,12,1,0
BRDA:126,13,0,0
BRDA:126,13,1,0
BRDA:135,14,0,0
BRDA:135,14,1,0
BRDA:138,15,0,0
BRDA:138,15,1,0
BRDA:141,16,0,0
BRDA:141,16,1,0
BRDA:171,17,0,0
BRDA:171,17,1,0
BRDA:175,18,0,0
BRDA:175,18,1,0
BRDA:179,19,0,0
BRDA:179,19,1,0
BRDA:181,20,0,0
BRDA:181,20,1,0
BRDA:190,21,0,0
BRDA:190,21,1,0
BRDA:192,22,0,0
BRDA:192,22,1,0
BRDA:202,23,0,0
BRDA:202,23,1,0
BRDA:206,24,0,0
BRDA:206,24,1,0
BRDA:208,25,0,0
BRDA:208,25,1,0
BRDA:209,26,0,0
BRDA:209,26,1,0
BRDA:223,27,0,0
BRDA:223,27,1,0
BRDA:223,27,2,0
BRF:62
BRH:0
end_of_record
TN:
SF:app/(screens)/blockedUsers.tsx
FN:19,(anonymous_0)
FN:26,(anonymous_1)
FN:48,(anonymous_2)
FN:57,(anonymous_3)
FN:61,(anonymous_4)
FN:62,(anonymous_5)
FN:72,(anonymous_6)
FN:77,(anonymous_7)
FN:103,(anonymous_8)
FN:104,(anonymous_9)
FN:111,(anonymous_10)
FNF:11
FNH:0
FNDA:0,(anonymous_0)
FNDA:0,(anonymous_1)
FNDA:0,(anonymous_2)
FNDA:0,(anonymous_3)
FNDA:0,(anonymous_4)
FNDA:0,(anonymous_5)
FNDA:0,(anonymous_6)
FNDA:0,(anonymous_7)
FNDA:0,(anonymous_8)
FNDA:0,(anonymous_9)
FNDA:0,(anonymous_10)
DA:11,0
DA:19,0
DA:20,0
DA:26,0
DA:27,0
DA:28,0
DA:30,0
DA:38,0
DA:48,0
DA:49,0
DA:50,0
DA:57,0
DA:61,0
DA:62,0
DA:63,0
DA:72,0
DA:77,0
DA:78,0
DA:79,0
DA:81,0
DA:83,0
DA:87,0
DA:91,0
DA:103,0
DA:105,0
DA:111,0
DA:121,0
LF:27
LH:0
BRDA:94,0,0,0
BRDA:94,0,1,0
BRF:2
BRH:0
end_of_record
TN:
SF:app/(screens)/chat.tsx
FN:26,(anonymous_0)
FN:59,(anonymous_1)
FN:75,(anonymous_2)
FN:82,(anonymous_3)
FN:107,(anonymous_4)
FN:130,(anonymous_5)
FN:143,(anonymous_6)
FN:146,(anonymous_7)
FN:221,(anonymous_8)
FN:226,(anonymous_9)
FN:238,(anonymous_10)
FN:242,(anonymous_11)
FN:247,(anonymous_12)
FN:252,(anonymous_13)
FN:254,(anonymous_14)
FN:261,(anonymous_15)
FN:282,(anonymous_16)
FN:287,(anonymous_17)
FN:291,(anonymous_18)
FN:314,(anonymous_19)
FN:321,(anonymous_20)
FN:323,(anonymous_21)
FN:329,(anonymous_22)
FN:330,(anonymous_23)
FN:338,(anonymous_24)
FN:357,(anonymous_25)
FN:412,(anonymous_26)
FN:420,(anonymous_27)
FNF:28
FNH:0
FNDA:0,(anonymous_0)
FNDA:0,(anonymous_1)
FNDA:0,(anonymous_2)
FNDA:0,(anonymous_3)
FNDA:0,(anonymous_4)
FNDA:0,(anonymous_5)
FNDA:0,(anonymous_6)
FNDA:0,(anonymous_7)
FNDA:0,(anonymous_8)
FNDA:0,(anonymous_9)
FNDA:0,(anonymous_10)
FNDA:0,(anonymous_11)
FNDA:0,(anonymous_12)
FNDA:0,(anonymous_13)
FNDA:0,(anonymous_14)
FNDA:0,(anonymous_15)
FNDA:0,(anonymous_16)
FNDA:0,(anonymous_17)
FNDA:0,(anonymous_18)
FNDA:0,(anonymous_19)
FNDA:0,(anonymous_20)
FNDA:0,(anonymous_21)
FNDA:0,(anonymous_22)
FNDA:0,(anonymous_23)
FNDA:0,(anonymous_24)
FNDA:0,(anonymous_25)
FNDA:0,(anonymous_26)
FNDA:0,(anonymous_27)
DA:26,0
DA:27,0
DA:31,0
DA:32,0
DA:33,0
DA:34,0
DA:35,0
DA:37,0
DA:38,0
DA:39,0
DA:40,0
DA:42,0
DA:59,0
DA:60,0
DA:61,0
DA:62,0
DA:67,0
DA:68,0
DA:69,0
DA:70,0
DA:71,0
DA:72,0
DA:73,0
DA:75,0
DA:76,0
DA:82,0
DA:83,0
DA:84,0
DA:85,0
DA:86,0
DA:87,0
DA:88,0
DA:92,0
DA:93,0
DA:94,0
DA:95,0
DA:97,0
DA:98,0
DA:99,0
DA:100,0
DA:101,0
DA:102,0
DA:105,0
DA:107,0
DA:108,0
DA:111,0
DA:117,0
DA:118,0
DA:119,0
DA:121,0
DA:123,0
DA:130,0
DA:131,0
DA:132,0
DA:135,0
DA:136,0
DA:138,0
DA:139,0
DA:142,0
DA:143,0
DA:146,0
DA:147,0
DA:148,0
DA:149,0
DA:150,0
DA:153,0
DA:156,0
DA:160,0
DA:164,0
DA:168,0
DA:183,0
DA:184,0
DA:186,0
DA:189,0
DA:194,0
DA:195,0
DA:199,0
DA:203,0
DA:204,0
DA:205,0
DA:206,0
DA:207,0
DA:209,0
DA:212,0
DA:215,0
DA:216,0
DA:221,0
DA:222,0
DA:226,0
DA:227,0
DA:229,0
DA:230,0
DA:233,0
DA:239,0
DA:240,0
DA:242,0
DA:243,0
DA:248,0
DA:252,0
DA:254,0
DA:255,0
DA:256,0
DA:261,0
DA:262,0
DA:263,0
DA:266,0
DA:267,0
DA:268,0
DA:269,0
DA:271,0
DA:276,0
DA:278,0
DA:282,0
DA:283,0
DA:287,0
DA:288,0
DA:289,0
DA:291,0
DA:293,0
DA:302,0
DA:314,0
DA:315,0
DA:322,0
DA:323,0
DA:330,0
DA:338,0
DA:340,0
DA:341,0
DA:342,0
DA:348,0
DA:352,0
DA:356,0
DA:357,0
DA:386,0
DA:412,0
DA:420,0
DA:438,0
LF:137
LH:0
BRDA:27,0,0,0
BRDA:27,0,1,0
BRDA:37,1,0,0
BRDA:37,1,1,0
BRDA:38,2,0,0
BRDA:38,2,1,0
BRDA:39,3,0,0
BRDA:39,3,1,0
BRDA:40,4,0,0
BRDA:40,4,1,0
BRDA:76,5,0,0
BRDA:76,5,1,0
BRDA:82,6,0,0
BRDA:84,7,0,0
BRDA:84,7,1,0
BRDA:92,8,0,0
BRDA:92,8,1,0
BRDA:92,9,0,0
BRDA:92,9,1,0
BRDA:94,10,0,0
BRDA:94,10,1,0
BRDA:97,11,0,0
BRDA:97,11,1,0
BRDA:98,12,0,0
BRDA:98,12,1,0
BRDA:98,13,0,0
BRDA:98,13,1,0
BRDA:100,14,0,0
BRDA:100,14,1,0
BRDA:105,15,0,0
BRDA:105,15,1,0
BRDA:105,16,0,0
BRDA:105,16,1,0
BRDA:117,17,0,0
BRDA:117,17,1,0
BRDA:136,18,0,0
BRDA:136,18,1,0
BRDA:139,19,0,0
BRDA:139,19,1,0
BRDA:148,20,0,0
BRDA:148,20,1,0
BRDA:150,21,0,0
BRDA:150,21,1,0
BRDA:150,21,2,0
BRDA:156,22,0,0
BRDA:156,22,1,0
BRDA:157,23,0,0
BRDA:157,23,1,0
BRDA:158,24,0,0
BRDA:158,24,1,0
BRDA:160,25,0,0
BRDA:160,25,1,0
BRDA:164,26,0,0
BRDA:164,26,1,0
BRDA:174,27,0,0
BRDA:174,27,1,0
BRDA:205,28,0,0
BRDA:205,28,1,0
BRDA:207,29,0,0
BRDA:207,29,1,0
BRDA:227,30,0,0
BRDA:227,30,1,0
BRDA:227,31,0,0
BRDA:227,31,1,0
BRDA:239,32,0,0
BRDA:239,32,1,0
BRDA:266,33,0,0
BRDA:266,33,1,0
BRDA:283,34,0,0
BRDA:283,34,1,0
BRDA:323,35,0,0
BRDA:323,35,1,0
BRDA:324,36,0,0
BRDA:324,36,1,0
BRDA:341,37,0,0
BRDA:341,37,1,0
BRDA:341,38,0,0
BRDA:341,38,1,0
BRDA:348,39,0,0
BRDA:348,39,1,0
BRDA:352,40,0,0
BRDA:352,40,1,0
BRDA:359,41,0,0
BRDA:359,41,1,0
BRDA:366,42,0,0
BRDA:366,42,1,0
BRDA:375,43,0,0
BRDA:375,43,1,0
BRDA:375,44,0,0
BRDA:375,44,1,0
BRDA:400,45,0,0
BRDA:400,45,1,0
BRDA:407,46,0,0
BRDA:407,46,1,0
BRDA:407,47,0,0
BRDA:407,47,1,0
BRDA:451,48,0,0
BRDA:451,48,1,0
BRDA:460,49,0,0
BRDA:460,49,1,0
BRF:100
BRH:0
end_of_record
TN:
SF:app/(screens)/chatInfo.tsx
FN:49,ChatInfoScreen
FN:63,(anonymous_1)
FN:67,(anonymous_2)
FN:81,(anonymous_3)
FN:98,(anonymous_4)
FN:112,(anonymous_5)
FN:134,(anonymous_6)
FN:140,(anonymous_7)
FN:146,(anonymous_8)
FN:159,(anonymous_9)
FN:183,(anonymous_10)
FN:193,(anonymous_11)
FN:212,(anonymous_12)
FN:218,(anonymous_13)
FN:229,(anonymous_14)
FN:240,(anonymous_15)
FN:310,(anonymous_16)
FN:383,(anonymous_17)
FN:390,(anonymous_18)
FN:399,(anonymous_19)
FN:404,(anonymous_20)
FN:446,(anonymous_21)
FNF:22
FNH:0
FNDA:0,ChatInfoScreen
FNDA:0,(anonymous_1)
FNDA:0,(anonymous_2)
FNDA:0,(anonymous_3)
FNDA:0,(anonymous_4)
FNDA:0,(anonymous_5)
FNDA:0,(anonymous_6)
FNDA:0,(anonymous_7)
FNDA:0,(anonymous_8)
FNDA:0,(anonymous_9)
FNDA:0,(anonymous_10)
FNDA:0,(anonymous_11)
FNDA:0,(anonymous_12)
FNDA:0,(anonymous_13)
FNDA:0,(anonymous_14)
FNDA:0,(anonymous_15)
FNDA:0,(anonymous_16)
FNDA:0,(anonymous_17)
FNDA:0,(anonymous_18)
FNDA:0,(anonymous_19)
FNDA:0,(anonymous_20)
FNDA:0,(anonymous_21)
DA:50,0
DA:51,0
DA:52,0
DA:53,0
DA:54,0
DA:55,0
DA:56,0
DA:58,0
DA:59,0
DA:60,0
DA:63,0
DA:64,0
DA:67,0
DA:68,0
DA:69,0
DA:72,0
DA:76,0
DA:77,0
DA:80,0
DA:81,0
DA:83,0
DA:84,0
DA:85,0
DA:89,0
DA:90,0
DA:98,0
DA:104,0
DA:105,0
DA:107,0
DA:112,0
DA:113,0
DA:114,0
DA:116,0
DA:121,0
DA:122,0
DA:124,0
DA:127,0
DA:128,0
DA:129,0
DA:134,0
DA:135,0
DA:140,0
DA:146,0
DA:147,0
DA:149,0
DA:160,0
DA:161,0
DA:166,0
DA:167,0
DA:168,0
DA:170,0
DA:173,0
DA:174,0
DA:183,0
DA:184,0
DA:186,0
DA:194,0
DA:195,0
DA:200,0
DA:202,0
DA:203,0
DA:212,0
DA:214,0
DA:218,0
DA:219,0
DA:229,0
DA:230,0
DA:241,0
DA:242,0
DA:245,0
DA:246,0
DA:248,0
DA:249,0
DA:257,0
DA:258,0
DA:265,0
DA:266,0
DA:275,0
DA:277,0
DA:310,0
DA:384,0
DA:386,0
DA:391,0
DA:392,0
DA:399,0
DA:404,0
DA:446,0
DA:471,0
LF:88
LH:0
BRDA:76,0,0,0
BRDA:76,0,1,0
BRDA:76,1,0,0
BRDA:76,1,1,0
BRDA:83,2,0,0
BRDA:83,2,1,0
BRDA:98,3,0,0
BRDA:98,3,1,0
BRDA:121,4,0,0
BRDA:121,4,1,0
BRDA:150,5,0,0
BRDA:150,5,1,0
BRDA:151,6,0,0
BRDA:151,6,1,0
BRDA:157,7,0,0
BRDA:157,7,1,0
BRDA:166,8,0,0
BRDA:166,8,1,0
BRDA:184,9,0,0
BRDA:184,9,1,0
BRDA:188,10,0,0
BRDA:188,10,1,0
BRDA:232,11,0,0
BRDA:232,11,1,0
BRDA:257,12,0,0
BRDA:257,12,1,0
BRDA:265,13,0,0
BRDA:265,13,1,0
BRDA:284,14,0,0
BRDA:284,14,1,0
BRDA:284,14,2,0
BRDA:288,15,0,0
BRDA:288,15,1,0
BRDA:288,15,2,0
BRDA:290,16,0,0
BRDA:290,16,1,0
BRDA:295,17,0,0
BRDA:295,17,1,0
BRDA:295,17,2,0
BRDA:360,18,0,0
BRDA:360,18,1,0
BRDA:374,19,0,0
BRDA:374,19,1,0
BRDA:376,20,0,0
BRDA:376,20,1,0
BRDA:376,20,2,0
BRDA:391,21,0,0
BRDA:391,21,1,0
BRDA:391,22,0,0
BRDA:391,22,1,0
BRDA:391,22,2,0
BRDA:398,23,0,0
BRDA:398,23,1,0
BRDA:410,24,0,0
BRDA:410,24,1,0
BRDA:410,24,2,0
BRDA:420,25,0,0
BRDA:420,25,1,0
BRDA:422,26,0,0
BRDA:422,26,1,0
BRDA:434,27,0,0
BRDA:434,27,1,0
BRDA:434,27,2,0
BRDA:434,27,3,0
BRDA:450,28,0,0
BRDA:450,28,1,0
BRDA:454,29,0,0
BRDA:454,29,1,0
BRDA:454,29,2,0
BRDA:454,29,3,0
BRF:70
BRH:0
end_of_record
TN:
SF:app/(screens)/chatSearch.tsx
FN:32,ChatSearchScreen
FN:47,(anonymous_1)
FN:47,(anonymous_2)
FN:64,(anonymous_3)
FN:96,(anonymous_4)
FN:102,(anonymous_5)
FN:114,(anonymous_6)
FN:121,(anonymous_7)
FN:123,(anonymous_8)
FN:143,(anonymous_9)
FN:180,(anonymous_10)
FN:195,(anonymous_11)
FN:226,(anonymous_12)
FN:229,(anonymous_13)
FNF:14
FNH:0
FNDA:0,ChatSearchScreen
FNDA:0,(anonymous_1)
FNDA:0,(anonymous_2)
FNDA:0,(anonymous_3)
FNDA:0,(anonymous_4)
FNDA:0,(anonymous_5)
FNDA:0,(anonymous_6)
FNDA:0,(anonymous_7)
FNDA:0,(anonymous_8)
FNDA:0,(anonymous_9)
FNDA:0,(anonymous_10)
FNDA:0,(anonymous_11)
FNDA:0,(anonymous_12)
FNDA:0,(anonymous_13)
DA:33,0
DA:34,0
DA:35,0
DA:36,0
DA:37,0
DA:38,0
DA:39,0
DA:41,0
DA:42,0
DA:43,0
DA:46,0
DA:47,0
DA:48,0
DA:49,0
DA:50,0
DA:51,0
DA:54,0
DA:55,0
DA:57,0
DA:58,0
DA:64,0
DA:65,0
DA:66,0
DA:67,0
DA:68,0
DA:70,0
DA:71,0
DA:72,0
DA:73,0
DA:74,0
DA:75,0
DA:78,0
DA:84,0
DA:86,0
DA:87,0
DA:89,0
DA:96,0
DA:97,0
DA:98,0
DA:102,0
DA:103,0
DA:114,0
DA:115,0
DA:116,0
DA:121,0
DA:122,0
DA:123,0
DA:124,0
DA:125,0
DA:140,0
DA:143,0
DA:172,0
DA:180,0
DA:195,0
DA:226,0
DA:229,0
DA:237,0
LF:57
LH:0
BRDA:48,0,0,0
BRDA:48,0,1,0
BRDA:48,1,0,0
BRDA:48,1,1,0
BRDA:65,2,0,0
BRDA:65,2,1,0
BRDA:71,3,0,0
BRDA:71,3,1,0
BRDA:116,4,0,0
BRDA:116,4,1,0
BRDA:131,5,0,0
BRDA:131,5,1,0
BRDA:147,6,0,0
BRDA:147,6,1,0
BRDA:154,7,0,0
BRDA:154,7,1,0
BRDA:155,8,0,0
BRDA:155,8,1,0
BRDA:155,8,2,0
BRDA:158,9,0,0
BRDA:158,9,1,0
BRDA:159,10,0,0
BRDA:159,10,1,0
BRDA:163,11,0,0
BRDA:163,11,1,0
BRDA:176,12,0,0
BRDA:176,12,1,0
BRDA:194,13,0,0
BRDA:194,13,1,0
BRDA:203,14,0,0
BRDA:203,14,1,0
BRDA:208,15,0,0
BRDA:208,15,1,0
BRDA:215,16,0,0
BRDA:215,16,1,0
BRF:35
BRH:0
end_of_record
TN:
SF:app/(screens)/conflictResolution.tsx
FN:18,ConflictResolutionScreen
FN:73,(anonymous_1)
FN:77,(anonymous_2)
FN:77,(anonymous_3)
FN:78,(anonymous_4)
FN:82,(anonymous_5)
FN:85,(anonymous_6)
FN:86,(anonymous_7)
FN:88,(anonymous_8)
FN:95,(anonymous_9)
FN:104,(anonymous_10)
FN:105,(anonymous_11)
FN:138,(anonymous_12)
FN:159,(anonymous_13)
FN:168,(anonymous_14)
FN:183,(anonymous_15)
FNF:16
FNH:0
FNDA:0,ConflictResolutionScreen
FNDA:0,(anonymous_1)
FNDA:0,(anonymous_2)
FNDA:0,(anonymous_3)
FNDA:0,(anonymous_4)
FNDA:0,(anonymous_5)
FNDA:0,(anonymous_6)
FNDA:0,(anonymous_7)
FNDA:0,(anonymous_8)
FNDA:0,(anonymous_9)
FNDA:0,(anonymous_10)
FNDA:0,(anonymous_11)
FNDA:0,(anonymous_12)
FNDA:0,(anonymous_13)
FNDA:0,(anonymous_14)
FNDA:0,(anonymous_15)
DA:19,0
DA:20,0
DA:21,0
DA:22,0
DA:31,0
DA:70,0
DA:73,0
DA:75,0
DA:77,0
DA:78,0
DA:82,0
DA:83,0
DA:85,0
DA:86,0
DA:87,0
DA:88,0
DA:90,0
DA:95,0
DA:96,0
DA:105,0
DA:106,0
DA:114,0
DA:138,0
DA:159,0
DA:168,0
DA:184,0
DA:202,0
LF:27
LH:0
BRDA:87,0,0,0
BRDA:87,0,1,0
BRDA:97,1,0,0
BRDA:97,1,1,0
BRDA:98,2,0,0
BRDA:98,2,1,0
BRDA:128,3,0,0
BRDA:128,3,1,0
BRDA:132,4,0,0
BRDA:132,4,1,0
BRDA:133,5,0,0
BRDA:133,5,1,0
BRDA:147,6,0,0
BRDA:147,6,1,0
BRF:14
BRH:0
end_of_record
TN:
SF:app/(screens)/contactSupport.tsx
FN:12,(anonymous_0)
FN:24,(anonymous_1)
FN:35,(anonymous_2)
FN:36,(anonymous_3)
FN:41,(anonymous_4)
FN:85,(anonymous_5)
FNF:6
FNH:0
FNDA:0,(anonymous_0)
FNDA:0,(anonymous_1)
FNDA:0,(anonymous_2)
FNDA:0,(anonymous_3)
FNDA:0,(anonymous_4)
FNDA:0,(anonymous_5)
DA:10,0
DA:12,0
DA:13,0
DA:14,0
DA:15,0
DA:18,0
DA:24,0
DA:25,0
DA:35,0
DA:36,0
DA:37,0
DA:41,0
DA:42,0
DA:43,0
DA:44,0
DA:45,0
DA:50,0
DA:51,0
DA:54,0
DA:56,0
DA:57,0
DA:58,0
DA:59,0
DA:64,0
DA:66,0
DA:69,0
DA:70,0
DA:76,0
DA:80,0
DA:86,0
DA:87,0
DA:89,0
DA:134,0
LF:33
LH:0
BRDA:43,0,0,0
BRDA:43,0,1,0
BRDA:43,1,0,0
BRDA:43,1,1,0
BRDA:47,2,0,0
BRDA:47,2,1,0
BRDA:48,3,0,0
BRDA:48,3,1,0
BRDA:57,4,0,0
BRDA:57,4,1,0
BRDA:170,5,0,0
BRDA:170,5,1,0
BRDA:174,6,0,0
BRDA:174,6,1,0
BRF:14
BRH:0
end_of_record
TN:
SF:app/(screens)/createEvent.tsx
FN:93,(anonymous_0)
FN:115,(anonymous_1)
FN:158,(anonymous_2)
FN:165,(anonymous_3)
FN:166,(anonymous_4)
FN:194,(anonymous_5)
FN:201,(anonymous_6)
FN:222,(anonymous_7)
FN:229,(anonymous_8)
FN:235,(anonymous_9)
FN:240,(anonymous_10)
FN:245,(anonymous_11)
FN:272,(anonymous_12)
FN:273,(anonymous_13)
FN:290,(anonymous_14)
FN:315,(anonymous_15)
FN:327,(anonymous_16)
FN:339,(anonymous_17)
FN:340,(anonymous_18)
FN:342,(anonymous_19)
FN:347,(anonymous_20)
FN:374,(anonymous_21)
FN:376,(anonymous_22)
FN:386,(anonymous_23)
FN:388,(anonymous_24)
FN:393,(anonymous_25)
FN:403,(anonymous_26)
FN:423,(anonymous_27)
FN:438,(anonymous_28)
FN:472,(anonymous_29)
FN:528,(anonymous_30)
FN:529,(anonymous_31)
FN:537,(anonymous_32)
FN:563,(anonymous_33)
FN:565,(anonymous_34)
FN:596,(anonymous_35)
FN:601,(anonymous_36)
FN:606,(anonymous_37)
FN:608,(anonymous_38)
FN:611,(anonymous_39)
FN:616,(anonymous_40)
FN:621,(anonymous_41)
FN:627,(anonymous_42)
FN:632,(anonymous_43)
FN:637,(anonymous_44)
FN:640,(anonymous_45)
FN:646,(anonymous_46)
FN:659,(anonymous_47)
FN:669,(anonymous_48)
FN:705,(anonymous_49)
FN:715,(anonymous_50)
FN:729,(anonymous_51)
FN:745,(anonymous_52)
FN:758,(anonymous_53)
FN:772,(anonymous_54)
FN:805,(anonymous_55)
FN:816,(anonymous_56)
FN:824,(anonymous_57)
FN:853,(anonymous_58)
FN:866,(anonymous_59)
FN:899,(anonymous_60)
FN:911,(anonymous_61)
FN:920,(anonymous_62)
FN:943,(anonymous_63)
FN:954,(anonymous_64)
FN:972,(anonymous_65)
FN:985,(anonymous_66)
FNF:67
FNH:0
FNDA:0,(anonymous_0)
FNDA:0,(anonymous_1)
FNDA:0,(anonymous_2)
FNDA:0,(anonymous_3)
FNDA:0,(anonymous_4)
FNDA:0,(anonymous_5)
FNDA:0,(anonymous_6)
FNDA:0,(anonymous_7)
FNDA:0,(anonymous_8)
FNDA:0,(anonymous_9)
FNDA:0,(anonymous_10)
FNDA:0,(anonymous_11)
FNDA:0,(anonymous_12)
FNDA:0,(anonymous_13)
FNDA:0,(anonymous_14)
FNDA:0,(anonymous_15)
FNDA:0,(anonymous_16)
FNDA:0,(anonymous_17)
FNDA:0,(anonymous_18)
FNDA:0,(anonymous_19)
FNDA:0,(anonymous_20)
FNDA:0,(anonymous_21)
FNDA:0,(anonymous_22)
FNDA:0,(anonymous_23)
FNDA:0,(anonymous_24)
FNDA:0,(anonymous_25)
FNDA:0,(anonymous_26)
FNDA:0,(anonymous_27)
FNDA:0,(anonymous_28)
FNDA:0,(anonymous_29)
FNDA:0,(anonymous_30)
FNDA:0,(anonymous_31)
FNDA:0,(anonymous_32)
FNDA:0,(anonymous_33)
FNDA:0,(anonymous_34)
FNDA:0,(anonymous_35)
FNDA:0,(anonymous_36)
FNDA:0,(anonymous_37)
FNDA:0,(anonymous_38)
FNDA:0,(anonymous_39)
FNDA:0,(anonymous_40)
FNDA:0,(anonymous_41)
FNDA:0,(anonymous_42)
FNDA:0,(anonymous_43)
FNDA:0,(anonymous_44)
FNDA:0,(anonymous_45)
FNDA:0,(anonymous_46)
FNDA:0,(anonymous_47)
FNDA:0,(anonymous_48)
FNDA:0,(anonymous_49)
FNDA:0,(anonymous_50)
FNDA:0,(anonymous_51)
FNDA:0,(anonymous_52)
FNDA:0,(anonymous_53)
FNDA:0,(anonymous_54)
FNDA:0,(anonymous_55)
FNDA:0,(anonymous_56)
FNDA:0,(anonymous_57)
FNDA:0,(anonymous_58)
FNDA:0,(anonymous_59)
FNDA:0,(anonymous_60)
FNDA:0,(anonymous_61)
FNDA:0,(anonymous_62)
FNDA:0,(anonymous_63)
FNDA:0,(anonymous_64)
FNDA:0,(anonymous_65)
FNDA:0,(anonymous_66)
DA:39,0
DA:93,0
DA:94,0
DA:95,0
DA:96,0
DA:101,0
DA:113,0
DA:115,0
DA:116,0
DA:121,0
DA:146,0
DA:149,0
DA:150,0
DA:151,0
DA:152,0
DA:155,0
DA:158,0
DA:159,0
DA:166,0
DA:181,0
DA:183,0
DA:184,0
DA:187,0
DA:188,0
DA:189,0
DA:190,0
DA:191,0
DA:194,0
DA:195,0
DA:197,0
DA:198,0
DA:199,0
DA:200,0
DA:201,0
DA:210,0
DA:211,0
DA:214,0
DA:219,0
DA:220,0
DA:221,0
DA:222,0
DA:223,0
DA:224,0
DA:225,0
DA:226,0
DA:227,0
DA:228,0
DA:229,0
DA:235,0
DA:237,0
DA:238,0
DA:239,0
DA:240,0
DA:241,0
DA:242,0
DA:243,0
DA:244,0
DA:245,0
DA:248,0
DA:251,0
DA:254,0
DA:255,0
DA:256,0
DA:269,0
DA:272,0
DA:273,0
DA:274,0
DA:275,0
DA:276,0
DA:277,0
DA:287,0
DA:290,0
DA:291,0
DA:292,0
DA:293,0
DA:294,0
DA:295,0
DA:296,0
DA:300,0
DA:301,0
DA:302,0
DA:305,0
DA:306,0
DA:314,0
DA:315,0
DA:316,0
DA:317,0
DA:327,0
DA:333,0
DA:334,0
DA:339,0
DA:340,0
DA:342,0
DA:347,0
DA:348,0
DA:350,0
DA:351,0
DA:354,0
DA:355,0
DA:361,0
DA:362,0
DA:363,0
DA:365,0
DA:374,0
DA:376,0
DA:380,0
DA:381,0
DA:386,0
DA:387,0
DA:388,0
DA:391,0
DA:393,0
DA:396,0
DA:397,0
DA:398,0
DA:399,0
DA:401,0
DA:403,0
DA:405,0
DA:406,0
DA:407,0
DA:408,0
DA:409,0
DA:410,0
DA:412,0
DA:415,0
DA:427,0
DA:428,0
DA:429,0
DA:433,0
DA:434,0
DA:435,0
DA:436,0
DA:437,0
DA:438,0
DA:440,0
DA:443,0
DA:447,0
DA:460,0
DA:461,0
DA:469,0
DA:472,0
DA:473,0
DA:474,0
DA:476,0
DA:477,0
DA:480,0
DA:482,0
DA:483,0
DA:485,0
DA:486,0
DA:487,0
DA:489,0
DA:490,0
DA:491,0
DA:493,0
DA:494,0
DA:495,0
DA:497,0
DA:498,0
DA:499,0
DA:501,0
DA:502,0
DA:503,0
DA:505,0
DA:506,0
DA:507,0
DA:509,0
DA:510,0
DA:511,0
DA:513,0
DA:514,0
DA:515,0
DA:518,0
DA:519,0
DA:520,0
DA:523,0
DA:525,0
DA:526,0
DA:528,0
DA:529,0
DA:531,0
DA:532,0
DA:533,0
DA:534,0
DA:537,0
DA:538,0
DA:539,0
DA:543,0
DA:563,0
DA:565,0
DA:568,0
DA:569,0
DA:570,0
DA:572,0
DA:573,0
DA:577,0
DA:586,0
DA:588,0
DA:592,0
DA:596,0
DA:597,0
DA:598,0
DA:601,0
DA:602,0
DA:603,0
DA:606,0
DA:607,0
DA:608,0
DA:610,0
DA:611,0
DA:614,0
DA:615,0
DA:616,0
DA:619,0
DA:620,0
DA:621,0
DA:624,0
DA:627,0
DA:628,0
DA:629,0
DA:632,0
DA:633,0
DA:634,0
DA:637,0
DA:638,0
DA:639,0
DA:640,0
DA:642,0
DA:646,0
DA:647,0
DA:648,0
DA:649,0
DA:650,0
DA:653,0
DA:654,0
DA:655,0
DA:656,0
DA:659,0
DA:660,0
DA:661,0
DA:669,0
DA:670,0
DA:671,0
DA:672,0
DA:673,0
DA:674,0
DA:675,0
DA:682,0
DA:705,0
DA:715,0
DA:729,0
DA:745,0
DA:758,0
DA:772,0
DA:805,0
DA:816,0
DA:824,0
DA:853,0
DA:866,0
DA:899,0
DA:911,0
DA:920,0
DA:943,0
DA:954,0
DA:972,0
DA:985,0
DA:1040,0
LF:268
LH:0
BRDA:116,0,0,0
BRDA:116,0,1,0
BRDA:128,1,0,0
BRDA:128,1,1,0
BRDA:166,2,0,0
BRDA:166,2,1,0
BRDA:197,3,0,0
BRDA:197,3,1,0
BRDA:200,4,0,0
BRDA:200,4,1,0
BRDA:204,5,0,0
BRDA:204,5,1,0
BRDA:205,6,0,0
BRDA:205,6,1,0
BRDA:206,7,0,0
BRDA:206,7,1,0
BRDA:210,8,0,0
BRDA:210,8,1,0
BRDA:220,9,0,0
BRDA:220,9,1,0
BRDA:220,10,0,0
BRDA:220,10,1,0
BRDA:224,11,0,0
BRDA:224,11,1,0
BRDA:224,12,0,0
BRDA:224,12,1,0
BRDA:226,13,0,0
BRDA:226,13,1,0
BRDA:227,14,0,0
BRDA:227,14,1,0
BRDA:228,15,0,0
BRDA:228,15,1,0
BRDA:228,16,0,0
BRDA:228,16,1,0
BRDA:238,17,0,0
BRDA:238,17,1,0
BRDA:238,18,0,0
BRDA:238,18,1,0
BRDA:241,19,0,0
BRDA:241,19,1,0
BRDA:241,20,0,0
BRDA:241,20,1,0
BRDA:244,21,0,0
BRDA:244,21,1,0
BRDA:254,22,0,0
BRDA:254,22,1,0
BRDA:254,23,0,0
BRDA:254,23,1,0
BRDA:274,24,0,0
BRDA:274,24,1,0
BRDA:277,25,0,0
BRDA:277,25,1,0
BRDA:291,26,0,0
BRDA:291,26,1,0
BRDA:291,27,0,0
BRDA:291,27,1,0
BRDA:294,28,0,0
BRDA:294,28,1,0
BRDA:300,29,0,0
BRDA:300,29,1,0
BRDA:314,30,0,0
BRDA:314,30,1,0
BRDA:314,31,0,0
BRDA:314,31,1,0
BRDA:316,32,0,0
BRDA:316,32,1,0
BRDA:316,33,0,0
BRDA:316,33,1,0
BRDA:323,34,0,0
BRDA:323,34,1,0
BRDA:323,35,0,0
BRDA:323,35,1,0
BRDA:348,36,0,0
BRDA:348,36,1,0
BRDA:348,37,0,0
BRDA:348,37,1,0
BRDA:361,38,0,0
BRDA:361,38,1,0
BRDA:361,39,0,0
BRDA:361,39,1,0
BRDA:361,39,2,0
BRDA:363,40,0,0
BRDA:363,40,1,0
BRDA:363,41,0,0
BRDA:363,41,1,0
BRDA:371,42,0,0
BRDA:371,42,1,0
BRDA:371,43,0,0
BRDA:371,43,1,0
BRDA:376,44,0,0
BRDA:376,44,1,0
BRDA:388,45,0,0
BRDA:388,45,1,0
BRDA:388,45,2,0
BRDA:391,46,0,0
BRDA:391,46,1,0
BRDA:407,47,0,0
BRDA:407,47,1,0
BRDA:407,48,0,0
BRDA:407,48,1,0
BRDA:407,48,2,0
BRDA:420,49,0,0
BRDA:420,49,1,0
BRDA:433,50,0,0
BRDA:433,50,1,0
BRDA:435,51,0,0
BRDA:435,51,1,0
BRDA:474,52,0,0
BRDA:474,52,1,0
BRDA:480,53,0,0
BRDA:480,53,1,0
BRDA:485,54,0,0
BRDA:485,54,1,0
BRDA:489,55,0,0
BRDA:489,55,1,0
BRDA:489,56,0,0
BRDA:489,56,1,0
BRDA:493,57,0,0
BRDA:493,57,1,0
BRDA:493,58,0,0
BRDA:493,58,1,0
BRDA:493,58,2,0
BRDA:493,58,3,0
BRDA:497,59,0,0
BRDA:497,59,1,0
BRDA:497,60,0,0
BRDA:497,60,1,0
BRDA:497,60,2,0
BRDA:501,61,0,0
BRDA:501,61,1,0
BRDA:501,62,0,0
BRDA:501,62,1,0
BRDA:505,63,0,0
BRDA:505,63,1,0
BRDA:505,64,0,0
BRDA:505,64,1,0
BRDA:509,65,0,0
BRDA:509,65,1,0
BRDA:509,66,0,0
BRDA:509,66,1,0
BRDA:509,66,2,0
BRDA:509,66,3,0
BRDA:513,67,0,0
BRDA:513,67,1,0
BRDA:513,68,0,0
BRDA:513,68,1,0
BRDA:518,69,0,0
BRDA:518,69,1,0
BRDA:528,70,0,0
BRDA:528,70,1,0
BRDA:529,71,0,0
BRDA:529,71,1,0
BRDA:531,72,0,0
BRDA:531,72,1,0
BRDA:531,73,0,0
BRDA:531,73,1,0
BRDA:531,73,2,0
BRDA:538,74,0,0
BRDA:538,74,1,0
BRDA:546,75,0,0
BRDA:546,75,1,0
BRDA:547,76,0,0
BRDA:547,76,1,0
BRDA:551,77,0,0
BRDA:551,77,1,0
BRDA:553,78,0,0
BRDA:553,78,1,0
BRDA:558,79,0,0
BRDA:558,79,1,0
BRDA:562,80,0,0
BRDA:562,80,1,0
BRDA:568,81,0,0
BRDA:568,81,1,0
BRDA:607,82,0,0
BRDA:607,82,1,0
BRDA:610,83,0,0
BRDA:610,83,1,0
BRDA:610,84,0,0
BRDA:610,84,1,0
BRDA:614,85,0,0
BRDA:614,85,1,0
BRDA:614,86,0,0
BRDA:614,86,1,0
BRDA:614,86,2,0
BRDA:619,87,0,0
BRDA:619,87,1,0
BRDA:619,88,0,0
BRDA:619,88,1,0
BRDA:619,88,2,0
BRDA:638,89,0,0
BRDA:638,89,1,0
BRDA:660,90,0,0
BRDA:660,90,1,0
BRDA:670,91,0,0
BRDA:670,91,1,0
BRDA:717,92,0,0
BRDA:717,92,1,0
BRDA:718,93,0,0
BRDA:718,93,1,0
BRDA:745,94,0,0
BRDA:745,94,1,0
BRDA:745,95,0,0
BRDA:745,95,1,0
BRDA:747,96,0,0
BRDA:747,96,1,0
BRDA:751,97,0,0
BRDA:751,97,1,0
BRDA:760,98,0,0
BRDA:760,98,1,0
BRDA:761,99,0,0
BRDA:761,99,1,0
BRDA:807,100,0,0
BRDA:807,100,1,0
BRDA:811,101,0,0
BRDA:811,101,1,0
BRDA:834,102,0,0
BRDA:834,102,1,0
BRDA:847,103,0,0
BRDA:847,103,1,0
BRDA:874,104,0,0
BRDA:874,104,1,0
BRDA:875,105,0,0
BRDA:875,105,1,0
BRDA:901,106,0,0
BRDA:901,106,1,0
BRDA:913,107,0,0
BRDA:913,107,1,0
BRDA:932,108,0,0
BRDA:932,108,1,0
BRDA:945,109,0,0
BRDA:945,109,1,0
BRDA:948,110,0,0
BRDA:948,110,1,0
BRDA:956,111,0,0
BRDA:956,111,1,0
BRDA:957,112,0,0
BRDA:957,112,1,0
BRDA:966,113,0,0
BRDA:966,113,1,0
BRDA:979,114,0,0
BRDA:979,114,1,0
BRDA:1001,115,0,0
BRDA:1001,115,1,0
BRDA:1001,115,2,0
BRDA:1001,115,3,0
BRDA:1001,115,4,0
BRDA:1001,115,5,0
BRDA:1001,115,6,0
BRDA:1006,116,0,0
BRDA:1006,116,1,0
BRDA:1006,117,0,0
BRDA:1006,117,1,0
BRDA:1019,118,0,0
BRDA:1019,118,1,0
BRDA:1019,118,2,0
BRDA:1019,118,3,0
BRDA:1019,118,4,0
BRDA:1158,119,0,0
BRDA:1158,119,1,0
BRF:259
BRH:0
end_of_record
TN:
SF:app/(screens)/createStory.tsx
FN:62,(anonymous_0)
FN:91,(anonymous_1)
FN:101,(anonymous_2)
FN:140,(anonymous_3)
FN:146,(anonymous_4)
FN:152,(anonymous_5)
FN:153,(anonymous_6)
FN:170,(anonymous_7)
FN:188,(anonymous_8)
FN:201,(anonymous_9)
FN:204,(anonymous_10)
FN:245,(anonymous_11)
FN:261,(anonymous_12)
FN:284,(anonymous_13)
FN:299,(anonymous_14)
FN:313,(anonymous_15)
FN:326,(anonymous_16)
FN:336,(anonymous_17)
FN:404,(anonymous_18)
FN:447,(anonymous_19)
FN:460,(anonymous_20)
FN:466,(anonymous_21)
FN:500,(anonymous_22)
FN:527,(anonymous_23)
FN:529,(anonymous_24)
FN:537,(anonymous_25)
FN:586,(anonymous_26)
FN:595,(anonymous_27)
FN:609,(anonymous_28)
FN:646,(anonymous_29)
FN:653,(anonymous_30)
FN:663,(anonymous_31)
FN:669,(anonymous_32)
FN:670,(anonymous_33)
FN:674,(anonymous_34)
FN:708,(anonymous_35)
FN:710,(anonymous_36)
FN:766,(anonymous_37)
FN:784,(anonymous_38)
FN:792,(anonymous_39)
FN:796,(anonymous_40)
FN:802,(anonymous_41)
FN:806,(anonymous_42)
FN:807,(anonymous_43)
FN:807,(anonymous_44)
FN:811,(anonymous_45)
FN:812,(anonymous_46)
FN:813,(anonymous_47)
FN:821,(anonymous_48)
FN:854,(anonymous_49)
FN:878,(anonymous_50)
FN:889,(anonymous_51)
FN:897,(anonymous_52)
FN:907,(anonymous_53)
FN:925,(anonymous_54)
FN:940,(anonymous_55)
FN:941,(anonymous_56)
FN:964,(anonymous_57)
FN:968,(anonymous_58)
FN:969,(anonymous_59)
FN:970,(anonymous_60)
FN:973,(anonymous_61)
FN:981,(anonymous_62)
FN:985,(anonymous_63)
FN:992,(anonymous_64)
FN:1006,(anonymous_65)
FN:1019,(anonymous_66)
FN:1029,(anonymous_67)
FN:1030,(anonymous_68)
FN:1031,(anonymous_69)
FN:1035,(anonymous_70)
FN:1036,(anonymous_71)
FN:1037,(anonymous_72)
FN:1046,(anonymous_73)
FN:1055,(anonymous_74)
FN:1060,(anonymous_75)
FN:1061,(anonymous_76)
FN:1062,(anonymous_77)
FN:1069,(anonymous_78)
FN:1073,(anonymous_79)
FN:1087,(anonymous_80)
FN:1112,(anonymous_81)
FN:1121,(anonymous_82)
FN:1126,(anonymous_83)
FN:1131,(anonymous_84)
FN:1134,(anonymous_85)
FN:1137,(anonymous_86)
FN:1150,(anonymous_87)
FN:1157,(anonymous_88)
FN:1180,(anonymous_89)
FN:1181,(anonymous_90)
FN:1185,(anonymous_91)
FN:1250,(anonymous_92)
FN:1267,(anonymous_93)
FN:1284,(anonymous_94)
FN:1293,(anonymous_95)
FN:1311,(anonymous_96)
FN:1331,(anonymous_97)
FN:1340,(anonymous_98)
FN:1346,(anonymous_99)
FN:1347,(anonymous_100)
FN:1348,(anonymous_101)
FN:1358,(anonymous_102)
FN:1366,(anonymous_103)
FN:1371,(anonymous_104)
FN:1377,(anonymous_105)
FN:1385,(anonymous_106)
FN:1393,(anonymous_107)
FNF:108
FNH:0
FNDA:0,(anonymous_0)
FNDA:0,(anonymous_1)
FNDA:0,(anonymous_2)
FNDA:0,(anonymous_3)
FNDA:0,(anonymous_4)
FNDA:0,(anonymous_5)
FNDA:0,(anonymous_6)
FNDA:0,(anonymous_7)
FNDA:0,(anonymous_8)
FNDA:0,(anonymous_9)
FNDA:0,(anonymous_10)
FNDA:0,(anonymous_11)
FNDA:0,(anonymous_12)
FNDA:0,(anonymous_13)
FNDA:0,(anonymous_14)
FNDA:0,(anonymous_15)
FNDA:0,(anonymous_16)
FNDA:0,(anonymous_17)
FNDA:0,(anonymous_18)
FNDA:0,(anonymous_19)
FNDA:0,(anonymous_20)
FNDA:0,(anonymous_21)
FNDA:0,(anonymous_22)
FNDA:0,(anonymous_23)
FNDA:0,(anonymous_24)
FNDA:0,(anonymous_25)
FNDA:0,(anonymous_26)
FNDA:0,(anonymous_27)
FNDA:0,(anonymous_28)
FNDA:0,(anonymous_29)
FNDA:0,(anonymous_30)
FNDA:0,(anonymous_31)
FNDA:0,(anonymous_32)
FNDA:0,(anonymous_33)
FNDA:0,(anonymous_34)
FNDA:0,(anonymous_35)
FNDA:0,(anonymous_36)
FNDA:0,(anonymous_37)
FNDA:0,(anonymous_38)
FNDA:0,(anonymous_39)
FNDA:0,(anonymous_40)
FNDA:0,(anonymous_41)
FNDA:0,(anonymous_42)
FNDA:0,(anonymous_43)
FNDA:0,(anonymous_44)
FNDA:0,(anonymous_45)
FNDA:0,(anonymous_46)
FNDA:0,(anonymous_47)
FNDA:0,(anonymous_48)
FNDA:0,(anonymous_49)
FNDA:0,(anonymous_50)
FNDA:0,(anonymous_51)
FNDA:0,(anonymous_52)
FNDA:0,(anonymous_53)
FNDA:0,(anonymous_54)
FNDA:0,(anonymous_55)
FNDA:0,(anonymous_56)
FNDA:0,(anonymous_57)
FNDA:0,(anonymous_58)
FNDA:0,(anonymous_59)
FNDA:0,(anonymous_60)
FNDA:0,(anonymous_61)
FNDA:0,(anonymous_62)
FNDA:0,(anonymous_63)
FNDA:0,(anonymous_64)
FNDA:0,(anonymous_65)
FNDA:0,(anonymous_66)
FNDA:0,(anonymous_67)
FNDA:0,(anonymous_68)
FNDA:0,(anonymous_69)
FNDA:0,(anonymous_70)
FNDA:0,(anonymous_71)
FNDA:0,(anonymous_72)
FNDA:0,(anonymous_73)
FNDA:0,(anonymous_74)
FNDA:0,(anonymous_75)
FNDA:0,(anonymous_76)
FNDA:0,(anonymous_77)
FNDA:0,(anonymous_78)
FNDA:0,(anonymous_79)
FNDA:0,(anonymous_80)
FNDA:0,(anonymous_81)
FNDA:0,(anonymous_82)
FNDA:0,(anonymous_83)
FNDA:0,(anonymous_84)
FNDA:0,(anonymous_85)
FNDA:0,(anonymous_86)
FNDA:0,(anonymous_87)
FNDA:0,(anonymous_88)
FNDA:0,(anonymous_89)
FNDA:0,(anonymous_90)
FNDA:0,(anonymous_91)
FNDA:0,(anonymous_92)
FNDA:0,(anonymous_93)
FNDA:0,(anonymous_94)
FNDA:0,(anonymous_95)
FNDA:0,(anonymous_96)
FNDA:0,(anonymous_97)
FNDA:0,(anonymous_98)
FNDA:0,(anonymous_99)
FNDA:0,(anonymous_100)
FNDA:0,(anonymous_101)
FNDA:0,(anonymous_102)
FNDA:0,(anonymous_103)
FNDA:0,(anonymous_104)
FNDA:0,(anonymous_105)
FNDA:0,(anonymous_106)
FNDA:0,(anonymous_107)
DA:62,0
DA:63,0
DA:64,0
DA:65,0
DA:66,0
DA:71,0
DA:85,0
DA:86,0
DA:87,0
DA:88,0
DA:89,0
DA:91,0
DA:92,0
DA:97,0
DA:101,0
DA:102,0
DA:105,0
DA:106,0
DA:108,0
DA:109,0
DA:111,0
DA:112,0
DA:114,0
DA:115,0
DA:117,0
DA:119,0
DA:120,0
DA:122,0
DA:124,0
DA:125,0
DA:126,0
DA:127,0
DA:128,0
DA:130,0
DA:131,0
DA:132,0
DA:133,0
DA:140,0
DA:141,0
DA:145,0
DA:147,0
DA:148,0
DA:149,0
DA:151,0
DA:152,0
DA:153,0
DA:154,0
DA:156,0
DA:157,0
DA:158,0
DA:159,0
DA:160,0
DA:161,0
DA:164,0
DA:170,0
DA:171,0
DA:172,0
DA:173,0
DA:174,0
DA:175,0
DA:179,0
DA:188,0
DA:195,0
DA:196,0
DA:197,0
DA:200,0
DA:201,0
DA:202,0
DA:204,0
DA:205,0
DA:206,0
DA:209,0
DA:210,0
DA:214,0
DA:215,0
DA:218,0
DA:219,0
DA:220,0
DA:221,0
DA:223,0
DA:225,0
DA:226,0
DA:228,0
DA:229,0
DA:230,0
DA:231,0
DA:232,0
DA:233,0
DA:234,0
DA:235,0
DA:238,0
DA:247,0
DA:248,0
DA:252,0
DA:253,0
DA:254,0
DA:255,0
DA:261,0
DA:263,0
DA:266,0
DA:267,0
DA:270,0
DA:273,0
DA:274,0
DA:276,0
DA:277,0
DA:286,0
DA:287,0
DA:288,0
DA:292,0
DA:293,0
DA:295,0
DA:296,0
DA:297,0
DA:299,0
DA:303,0
DA:309,0
DA:310,0
DA:313,0
DA:314,0
DA:315,0
DA:316,0
DA:317,0
DA:319,0
DA:320,0
DA:321,0
DA:324,0
DA:326,0
DA:327,0
DA:328,0
DA:333,0
DA:336,0
DA:344,0
DA:349,0
DA:350,0
DA:351,0
DA:357,0
DA:365,0
DA:367,0
DA:368,0
DA:370,0
DA:388,0
DA:396,0
DA:397,0
DA:398,0
DA:399,0
DA:401,0
DA:404,0
DA:408,0
DA:410,0
DA:423,0
DA:425,0
DA:426,0
DA:427,0
DA:428,0
DA:431,0
DA:441,0
DA:443,0
DA:447,0
DA:448,0
DA:449,0
DA:450,0
DA:451,0
DA:453,0
DA:454,0
DA:455,0
DA:458,0
DA:460,0
DA:461,0
DA:462,0
DA:463,0
DA:466,0
DA:473,0
DA:478,0
DA:479,0
DA:480,0
DA:482,0
DA:485,0
DA:487,0
DA:489,0
DA:500,0
DA:501,0
DA:502,0
DA:506,0
DA:508,0
DA:509,0
DA:510,0
DA:512,0
DA:520,0
DA:522,0
DA:527,0
DA:528,0
DA:529,0
DA:530,0
DA:531,0
DA:532,0
DA:536,0
DA:537,0
DA:539,0
DA:541,0
DA:543,0
DA:544,0
DA:545,0
DA:548,0
DA:549,0
DA:550,0
DA:552,0
DA:553,0
DA:556,0
DA:557,0
DA:562,0
DA:564,0
DA:565,0
DA:569,0
DA:570,0
DA:572,0
DA:573,0
DA:575,0
DA:578,0
DA:579,0
DA:581,0
DA:585,0
DA:586,0
DA:588,0
DA:589,0
DA:590,0
DA:592,0
DA:593,0
DA:595,0
DA:596,0
DA:597,0
DA:598,0
DA:607,0
DA:609,0
DA:619,0
DA:623,0
DA:624,0
DA:626,0
DA:627,0
DA:628,0
DA:635,0
DA:637,0
DA:643,0
DA:646,0
DA:649,0
DA:653,0
DA:655,0
DA:658,0
DA:663,0
DA:664,0
DA:665,0
DA:667,0
DA:670,0
DA:675,0
DA:708,0
DA:710,0
DA:712,0
DA:713,0
DA:716,0
DA:717,0
DA:718,0
DA:719,0
DA:721,0
DA:722,0
DA:723,0
DA:724,0
DA:725,0
DA:726,0
DA:727,0
DA:728,0
DA:731,0
DA:734,0
DA:738,0
DA:739,0
DA:740,0
DA:741,0
DA:742,0
DA:747,0
DA:749,0
DA:757,0
DA:762,0
DA:766,0
DA:767,0
DA:768,0
DA:770,0
DA:772,0
DA:774,0
DA:783,0
DA:784,0
DA:787,0
DA:792,0
DA:793,0
DA:796,0
DA:797,0
DA:802,0
DA:803,0
DA:806,0
DA:807,0
DA:808,0
DA:811,0
DA:812,0
DA:813,0
DA:814,0
DA:817,0
DA:821,0
DA:822,0
DA:823,0
DA:824,0
DA:825,0
DA:826,0
DA:827,0
DA:831,0
DA:832,0
DA:836,0
DA:838,0
DA:839,0
DA:840,0
DA:843,0
DA:853,0
DA:854,0
DA:858,0
DA:862,0
DA:864,0
DA:865,0
DA:866,0
DA:867,0
DA:877,0
DA:878,0
DA:882,0
DA:883,0
DA:885,0
DA:889,0
DA:890,0
DA:891,0
DA:892,0
DA:897,0
DA:898,0
DA:899,0
DA:900,0
DA:903,0
DA:904,0
DA:907,0
DA:909,0
DA:912,0
DA:913,0
DA:914,0
DA:917,0
DA:918,0
DA:924,0
DA:925,0
DA:928,0
DA:930,0
DA:940,0
DA:941,0
DA:942,0
DA:943,0
DA:944,0
DA:945,0
DA:946,0
DA:949,0
DA:951,0
DA:953,0
DA:958,0
DA:959,0
DA:964,0
DA:965,0
DA:968,0
DA:969,0
DA:970,0
DA:971,0
DA:972,0
DA:973,0
DA:974,0
DA:976,0
DA:981,0
DA:982,0
DA:985,0
DA:986,0
DA:992,0
DA:993,0
DA:1006,0
DA:1007,0
DA:1019,0
DA:1020,0
DA:1021,0
DA:1029,0
DA:1030,0
DA:1031,0
DA:1034,0
DA:1035,0
DA:1036,0
DA:1038,0
DA:1039,0
DA:1047,0
DA:1048,0
DA:1049,0
DA:1055,0
DA:1059,0
DA:1060,0
DA:1061,0
DA:1062,0
DA:1066,0
DA:1069,0
DA:1073,0
DA:1074,0
DA:1075,0
DA:1076,0
DA:1077,0
DA:1078,0
DA:1079,0
DA:1081,0
DA:1083,0
DA:1087,0
DA:1097,0
DA:1112,0
DA:1121,0
DA:1122,0
DA:1126,0
DA:1131,0
DA:1134,0
DA:1138,0
DA:1139,0
DA:1140,0
DA:1142,0
DA:1144,0
DA:1146,0
DA:1150,0
DA:1157,0
DA:1158,0
DA:1174,0
DA:1181,0
DA:1186,0
DA:1250,0
DA:1267,0
DA:1284,0
DA:1293,0
DA:1311,0
DA:1332,0
DA:1340,0
DA:1346,0
DA:1347,0
DA:1348,0
DA:1358,0
DA:1366,0
DA:1371,0
DA:1377,0
DA:1385,0
DA:1393,0
DA:1416,0
LF:449
LH:0
BRDA:92,0,0,0
BRDA:92,0,1,0
BRDA:101,1,0,0
BRDA:101,1,1,0
BRDA:102,2,0,0
BRDA:102,2,1,0
BRDA:147,3,0,0
BRDA:147,3,1,0
BRDA:151,4,0,0
BRDA:151,4,1,0
BRDA:151,5,0,0
BRDA:151,5,1,0
BRDA:156,6,0,0
BRDA:156,6,1,0
BRDA:156,7,0,0
BRDA:156,7,1,0
BRDA:159,8,0,0
BRDA:159,8,1,0
BRDA:159,9,0,0
BRDA:159,9,1,0
BRDA:171,10,0,0
BRDA:171,10,1,0
BRDA:195,11,0,0
BRDA:195,11,1,0
BRDA:202,12,0,0
BRDA:202,12,1,0
BRDA:202,13,0,0
BRDA:202,13,1,0
BRDA:205,14,0,0
BRDA:205,14,1,0
BRDA:205,15,0,0
BRDA:205,15,1,0
BRDA:205,15,2,0
BRDA:209,16,0,0
BRDA:209,16,1,0
BRDA:209,17,0,0
BRDA:209,17,1,0
BRDA:209,17,2,0
BRDA:209,17,3,0
BRDA:209,17,4,0
BRDA:214,18,0,0
BRDA:214,18,1,0
BRDA:228,19,0,0
BRDA:228,19,1,0
BRDA:228,20,0,0
BRDA:228,20,1,0
BRDA:232,21,0,0
BRDA:232,21,1,0
BRDA:232,22,0,0
BRDA:232,22,1,0
BRDA:232,22,2,0
BRDA:243,23,0,0
BRDA:243,23,1,0
BRDA:247,24,0,0
BRDA:247,24,1,0
BRDA:252,25,0,0
BRDA:252,25,1,0
BRDA:254,26,0,0
BRDA:254,26,1,0
BRDA:274,27,0,0
BRDA:274,27,1,0
BRDA:274,28,0,0
BRDA:274,28,1,0
BRDA:274,28,2,0
BRDA:274,28,3,0
BRDA:274,28,4,0
BRDA:282,29,0,0
BRDA:282,29,1,0
BRDA:286,30,0,0
BRDA:286,30,1,0
BRDA:287,31,0,0
BRDA:287,31,1,0
BRDA:292,32,0,0
BRDA:292,32,1,0
BRDA:295,33,0,0
BRDA:295,33,1,0
BRDA:315,34,0,0
BRDA:315,34,1,0
BRDA:319,35,0,0
BRDA:319,35,1,0
BRDA:327,36,0,0
BRDA:327,36,1,0
BRDA:333,37,0,0
BRDA:333,37,1,0
BRDA:336,38,0,0
BRDA:336,38,1,0
BRDA:349,39,0,0
BRDA:349,39,1,0
BRDA:367,40,0,0
BRDA:367,40,1,0
BRDA:371,41,0,0
BRDA:371,41,1,0
BRDA:373,42,0,0
BRDA:373,42,1,0
BRDA:374,43,0,0
BRDA:374,43,1,0
BRDA:374,44,0,0
BRDA:374,44,1,0
BRDA:375,45,0,0
BRDA:375,45,1,0
BRDA:375,46,0,0
BRDA:375,46,1,0
BRDA:375,47,0,0
BRDA:375,47,1,0
BRDA:376,48,0,0
BRDA:376,48,1,0
BRDA:377,49,0,0
BRDA:377,49,1,0
BRDA:384,50,0,0
BRDA:384,50,1,0
BRDA:397,51,0,0
BRDA:397,51,1,0
BRDA:411,52,0,0
BRDA:411,52,1,0
BRDA:413,53,0,0
BRDA:413,53,1,0
BRDA:414,54,0,0
BRDA:414,54,1,0
BRDA:414,55,0,0
BRDA:414,55,1,0
BRDA:415,56,0,0
BRDA:415,56,1,0
BRDA:415,57,0,0
BRDA:415,57,1,0
BRDA:415,58,0,0
BRDA:415,58,1,0
BRDA:416,59,0,0
BRDA:416,59,1,0
BRDA:417,60,0,0
BRDA:417,60,1,0
BRDA:449,61,0,0
BRDA:449,61,1,0
BRDA:453,62,0,0
BRDA:453,62,1,0
BRDA:453,63,0,0
BRDA:453,63,1,0
BRDA:461,64,0,0
BRDA:461,64,1,0
BRDA:463,65,0,0
BRDA:463,65,1,0
BRDA:466,66,0,0
BRDA:466,66,1,0
BRDA:478,67,0,0
BRDA:478,67,1,0
BRDA:491,68,0,0
BRDA:491,68,1,0
BRDA:492,69,0,0
BRDA:492,69,1,0
BRDA:492,70,0,0
BRDA:492,70,1,0
BRDA:493,71,0,0
BRDA:493,71,1,0
BRDA:493,72,0,0
BRDA:493,72,1,0
BRDA:493,73,0,0
BRDA:493,73,1,0
BRDA:494,74,0,0
BRDA:494,74,1,0
BRDA:495,75,0,0
BRDA:495,75,1,0
BRDA:501,76,0,0
BRDA:501,76,1,0
BRDA:528,77,0,0
BRDA:528,77,1,0
BRDA:528,78,0,0
BRDA:528,78,1,0
BRDA:528,78,2,0
BRDA:528,78,3,0
BRDA:539,79,0,0
BRDA:539,79,1,0
BRDA:541,80,0,0
BRDA:541,80,1,0
BRDA:543,81,0,0
BRDA:543,81,1,0
BRDA:548,82,0,0
BRDA:548,82,1,0
BRDA:556,83,0,0
BRDA:556,83,1,0
BRDA:569,84,0,0
BRDA:569,84,1,0
BRDA:572,85,0,0
BRDA:572,85,1,0
BRDA:572,86,0,0
BRDA:572,86,1,0
BRDA:578,87,0,0
BRDA:578,87,1,0
BRDA:585,88,0,0
BRDA:585,88,1,0
BRDA:588,89,0,0
BRDA:588,89,1,0
BRDA:590,90,0,0
BRDA:590,90,1,0
BRDA:592,91,0,0
BRDA:592,91,1,0
BRDA:593,92,0,0
BRDA:593,92,1,0
BRDA:593,93,0,0
BRDA:593,93,1,0
BRDA:597,94,0,0
BRDA:597,94,1,0
BRDA:604,95,0,0
BRDA:604,95,1,0
BRDA:607,96,0,0
BRDA:607,96,1,0
BRDA:607,97,0,0
BRDA:607,97,1,0
BRDA:607,97,2,0
BRDA:607,97,3,0
BRDA:611,98,0,0
BRDA:611,98,1,0
BRDA:611,99,0,0
BRDA:611,99,1,0
BRDA:611,100,0,0
BRDA:611,100,1,0
BRDA:623,101,0,0
BRDA:623,101,1,0
BRDA:626,102,0,0
BRDA:626,102,1,0
BRDA:638,103,0,0
BRDA:638,103,1,0
BRDA:664,104,0,0
BRDA:664,104,1,0
BRDA:665,105,0,0
BRDA:665,105,1,0
BRDA:668,106,0,0
BRDA:668,106,1,0
BRDA:670,107,0,0
BRDA:670,107,1,0
BRDA:682,108,0,0
BRDA:682,108,1,0
BRDA:684,109,0,0
BRDA:684,109,1,0
BRDA:688,110,0,0
BRDA:688,110,1,0
BRDA:688,111,0,0
BRDA:688,111,1,0
BRDA:693,112,0,0
BRDA:693,112,1,0
BRDA:693,112,2,0
BRDA:695,113,0,0
BRDA:695,113,1,0
BRDA:721,114,0,0
BRDA:721,114,1,0
BRDA:724,115,0,0
BRDA:724,115,1,0
BRDA:725,116,0,0
BRDA:725,116,1,0
BRDA:727,117,0,0
BRDA:727,117,1,0
BRDA:738,118,0,0
BRDA:738,118,1,0
BRDA:738,119,0,0
BRDA:738,119,1,0
BRDA:738,119,2,0
BRDA:738,119,3,0
BRDA:741,120,0,0
BRDA:741,120,1,0
BRDA:741,121,0,0
BRDA:741,121,1,0
BRDA:770,122,0,0
BRDA:770,122,1,0
BRDA:779,123,0,0
BRDA:779,123,1,0
BRDA:800,124,0,0
BRDA:800,124,1,0
BRDA:814,125,0,0
BRDA:814,125,1,0
BRDA:825,126,0,0
BRDA:825,126,1,0
BRDA:831,127,0,0
BRDA:831,127,1,0
BRDA:838,128,0,0
BRDA:838,128,1,0
BRDA:838,129,0,0
BRDA:838,129,1,0
BRDA:838,129,2,0
BRDA:848,130,0,0
BRDA:848,130,1,0
BRDA:848,131,0,0
BRDA:848,131,1,0
BRDA:849,132,0,0
BRDA:849,132,1,0
BRDA:864,133,0,0
BRDA:864,133,1,0
BRDA:864,134,0,0
BRDA:864,134,1,0
BRDA:864,134,2,0
BRDA:872,135,0,0
BRDA:872,135,1,0
BRDA:872,136,0,0
BRDA:872,136,1,0
BRDA:899,137,0,0
BRDA:899,137,1,0
BRDA:903,138,0,0
BRDA:903,138,1,0
BRDA:912,139,0,0
BRDA:912,139,1,0
BRDA:924,140,0,0
BRDA:924,140,1,0
BRDA:924,141,0,0
BRDA:924,141,1,0
BRDA:928,142,0,0
BRDA:928,142,1,0
BRDA:928,143,0,0
BRDA:928,143,1,0
BRDA:934,144,0,0
BRDA:934,144,1,0
BRDA:942,145,0,0
BRDA:942,145,1,0
BRDA:942,146,0,0
BRDA:942,146,1,0
BRDA:943,147,0,0
BRDA:943,147,1,0
BRDA:944,148,0,0
BRDA:944,148,1,0
BRDA:945,149,0,0
BRDA:945,149,1,0
BRDA:971,150,0,0
BRDA:971,150,1,0
BRDA:971,151,0,0
BRDA:971,151,1,0
BRDA:972,152,0,0
BRDA:972,152,1,0
BRDA:1020,153,0,0
BRDA:1020,153,1,0
BRDA:1035,154,0,0
BRDA:1035,154,1,0
BRDA:1036,155,0,0
BRDA:1036,155,1,0
BRDA:1037,156,0,0
BRDA:1037,156,1,0
BRDA:1043,157,0,0
BRDA:1043,157,1,0
BRDA:1076,158,0,0
BRDA:1076,158,1,0
BRDA:1077,159,0,0
BRDA:1077,159,1,0
BRDA:1077,160,0,0
BRDA:1077,160,1,0
BRDA:1078,161,0,0
BRDA:1078,161,1,0
BRDA:1078,161,2,0
BRDA:1078,161,3,0
BRDA:1079,162,0,0
BRDA:1079,162,1,0
BRDA:1081,163,0,0
BRDA:1081,163,1,0
BRDA:1102,164,0,0
BRDA:1102,164,1,0
BRDA:1104,165,0,0
BRDA:1104,165,1,0
BRDA:1104,165,2,0
BRDA:1132,166,0,0
BRDA:1132,166,1,0
BRDA:1135,167,0,0
BRDA:1135,167,1,0
BRDA:1138,168,0,0
BRDA:1138,168,1,0
BRDA:1148,169,0,0
BRDA:1148,169,1,0
BRDA:1162,170,0,0
BRDA:1162,170,1,0
BRDA:1162,171,0,0
BRDA:1162,171,1,0
BRDA:1164,172,0,0
BRDA:1164,172,1,0
BRDA:1166,173,0,0
BRDA:1166,173,1,0
BRDA:1181,174,0,0
BRDA:1181,174,1,0
BRDA:1187,175,0,0
BRDA:1187,175,1,0
BRDA:1193,176,0,0
BRDA:1193,176,1,0
BRDA:1197,177,0,0
BRDA:1197,177,1,0
BRDA:1197,177,2,0
BRDA:1199,178,0,0
BRDA:1199,178,1,0
BRDA:1240,179,0,0
BRDA:1240,179,1,0
BRDA:1258,180,0,0
BRDA:1258,180,1,0
BRDA:1276,181,0,0
BRDA:1276,181,1,0
BRDA:1282,182,0,0
BRDA:1282,182,1,0
BRDA:1308,183,0,0
BRDA:1308,183,1,0
BRDA:1334,184,0,0
BRDA:1334,184,1,0
BRDA:1343,185,0,0
BRDA:1343,185,1,0
BRDA:1345,186,0,0
BRDA:1345,186,1,0
BRDA:1353,187,0,0
BRDA:1353,187,1,0
BRDA:1357,188,0,0
BRDA:1357,188,1,0
BRDA:1361,189,0,0
BRDA:1361,189,1,0
BRDA:1361,190,0,0
BRDA:1361,190,1,0
BRDA:1361,190,2,0
BRDA:1405,191,0,0
BRDA:1405,191,1,0
BRDA:1409,192,0,0
BRDA:1409,192,1,0
BRDA:1409,192,2,0
BRDA:1474,193,0,0
BRDA:1474,193,1,0
BRF:411
BRH:0
end_of_record
TN:
SF:app/(screens)/editProfile.tsx
FN:29,(anonymous_0)
FN:38,(anonymous_1)
FN:61,(anonymous_2)
FN:176,(anonymous_3)
FN:184,(anonymous_4)
FN:194,(anonymous_5)
FN:233,(anonymous_6)
FN:238,(anonymous_7)
FN:310,(anonymous_8)
FN:323,(anonymous_9)
FN:337,(anonymous_10)
FN:347,(anonymous_11)
FN:348,(anonymous_12)
FNF:13
FNH:0
FNDA:0,(anonymous_0)
FNDA:0,(anonymous_1)
FNDA:0,(anonymous_2)
FNDA:0,(anonymous_3)
FNDA:0,(anonymous_4)
FNDA:0,(anonymous_5)
FNDA:0,(anonymous_6)
FNDA:0,(anonymous_7)
FNDA:0,(anonymous_8)
FNDA:0,(anonymous_9)
FNDA:0,(anonymous_10)
FNDA:0,(anonymous_11)
FNDA:0,(anonymous_12)
DA:29,0
DA:30,0
DA:31,0
DA:32,0
DA:38,0
DA:39,0
DA:44,0
DA:45,0
DA:46,0
DA:47,0
DA:48,0
DA:49,0
DA:50,0
DA:51,0
DA:52,0
DA:53,0
DA:54,0
DA:59,0
DA:61,0
DA:62,0
DA:63,0
DA:65,0
DA:66,0
DA:67,0
DA:69,0
DA:70,0
DA:71,0
DA:74,0
DA:75,0
DA:77,0
DA:78,0
DA:79,0
DA:80,0
DA:81,0
DA:82,0
DA:84,0
DA:88,0
DA:89,0
DA:90,0
DA:102,0
DA:112,0
DA:114,0
DA:115,0
DA:117,0
DA:119,0
DA:120,0
DA:121,0
DA:122,0
DA:124,0
DA:125,0
DA:126,0
DA:129,0
DA:133,0
DA:134,0
DA:135,0
DA:137,0
DA:139,0
DA:144,0
DA:145,0
DA:149,0
DA:151,0
DA:152,0
DA:155,0
DA:156,0
DA:159,0
DA:160,0
DA:162,0
DA:170,0
DA:172,0
DA:176,0
DA:177,0
DA:185,0
DA:194,0
DA:195,0
DA:196,0
DA:197,0
DA:198,0
DA:200,0
DA:206,0
DA:207,0
DA:208,0
DA:209,0
DA:212,0
DA:213,0
DA:214,0
DA:215,0
DA:216,0
DA:218,0
DA:221,0
DA:222,0
DA:225,0
DA:227,0
DA:228,0
DA:233,0
DA:234,0
DA:235,0
DA:238,0
DA:239,0
DA:240,0
DA:247,0
DA:310,0
DA:323,0
DA:337,0
DA:347,0
DA:349,0
DA:350,0
DA:359,0
LF:107
LH:0
BRDA:39,0,0,0
BRDA:39,0,1,0
BRDA:44,1,0,0
BRDA:44,1,1,0
BRDA:44,1,2,0
BRDA:45,2,0,0
BRDA:45,2,1,0
BRDA:46,3,0,0
BRDA:46,3,1,0
BRDA:46,3,2,0
BRDA:49,4,0,0
BRDA:49,4,1,0
BRDA:50,5,0,0
BRDA:50,5,1,0
BRDA:51,6,0,0
BRDA:51,6,1,0
BRDA:55,7,0,0
BRDA:55,7,1,0
BRDA:65,8,0,0
BRDA:65,8,1,0
BRDA:69,9,0,0
BRDA:69,9,1,0
BRDA:78,10,0,0
BRDA:78,10,1,0
BRDA:78,11,0,0
BRDA:78,11,1,0
BRDA:112,12,0,0
BRDA:112,12,1,0
BRDA:115,13,0,0
BRDA:115,13,1,0
BRDA:115,14,0,0
BRDA:115,14,1,0
BRDA:115,15,0,0
BRDA:115,15,1,0
BRDA:117,16,0,0
BRDA:117,16,1,0
BRDA:121,17,0,0
BRDA:121,17,1,0
BRDA:137,18,0,0
BRDA:137,18,1,0
BRDA:144,19,0,0
BRDA:144,19,1,0
BRDA:151,20,0,0
BRDA:151,20,1,0
BRDA:152,21,0,0
BRDA:152,21,1,0
BRDA:155,22,0,0
BRDA:155,22,1,0
BRDA:165,23,0,0
BRDA:165,23,1,0
BRDA:167,24,0,0
BRDA:167,24,1,0
BRDA:185,25,0,0
BRDA:185,25,1,0
BRDA:186,26,0,0
BRDA:186,26,1,0
BRDA:186,27,0,0
BRDA:186,27,1,0
BRDA:187,28,0,0
BRDA:187,28,1,0
BRDA:196,29,0,0
BRDA:196,29,1,0
BRDA:206,30,0,0
BRDA:206,30,1,0
BRDA:206,31,0,0
BRDA:206,31,1,0
BRDA:206,31,2,0
BRDA:214,32,0,0
BRDA:214,32,1,0
BRDA:221,33,0,0
BRDA:221,33,1,0
BRDA:221,33,2,0
BRDA:227,34,0,0
BRDA:227,34,1,0
BRDA:227,34,2,0
BRDA:239,35,0,0
BRDA:239,35,1,0
BRDA:254,36,0,0
BRDA:254,36,1,0
BRDA:261,37,0,0
BRDA:261,37,1,0
BRDA:302,38,0,0
BRDA:302,38,1,0
BRDA:302,38,2,0
BRDA:313,39,0,0
BRDA:313,39,1,0
BRDA:326,40,0,0
BRDA:326,40,1,0
BRDA:327,41,0,0
BRDA:327,41,1,0
BRDA:402,42,0,0
BRDA:402,42,1,0
BRDA:417,43,0,0
BRDA:417,43,1,0
BRDA:434,44,0,0
BRDA:434,44,1,0
BRF:96
BRH:0
end_of_record
TN:
SF:app/(screens)/encryptionSettings.tsx
FN:4,EncryptionSettings
FNF:1
FNH:0
FNDA:0,EncryptionSettings
DA:5,0
LF:1
LH:0
BRF:0
BRH:0
end_of_record
TN:
SF:app/(screens)/eventDetail.tsx
FN:30,(anonymous_0)
FN:64,(anonymous_1)
FN:70,(anonymous_2)
FN:72,(anonymous_3)
FN:89,(anonymous_4)
FN:91,(anonymous_5)
FN:99,(anonymous_6)
FN:111,(anonymous_7)
FN:154,(anonymous_8)
FN:179,(anonymous_9)
FN:188,(anonymous_10)
FN:200,(anonymous_11)
FN:246,(anonymous_12)
FN:250,(anonymous_13)
FN:263,(anonymous_14)
FN:270,(anonymous_15)
FN:284,(anonymous_16)
FN:310,(anonymous_17)
FN:322,(anonymous_18)
FN:327,(anonymous_19)
FN:329,(anonymous_20)
FN:349,(anonymous_21)
FN:354,(anonymous_22)
FN:368,(anonymous_23)
FN:386,(anonymous_24)
FN:399,(anonymous_25)
FN:422,(anonymous_26)
FN:449,(anonymous_27)
FN:466,(anonymous_28)
FN:475,(anonymous_29)
FN:482,(anonymous_30)
FN:490,(anonymous_31)
FN:498,(anonymous_32)
FN:506,(anonymous_33)
FN:512,(anonymous_34)
FN:515,(anonymous_35)
FN:524,(anonymous_36)
FN:535,(anonymous_37)
FN:557,(anonymous_38)
FN:568,(anonymous_39)
FN:586,(anonymous_40)
FN:592,(anonymous_41)
FN:593,(anonymous_42)
FN:594,(anonymous_43)
FN:624,(anonymous_44)
FN:699,(anonymous_45)
FN:700,(anonymous_46)
FN:701,(anonymous_47)
FN:702,(anonymous_48)
FN:703,(anonymous_49)
FN:704,(anonymous_50)
FN:705,(anonymous_51)
FN:705,(anonymous_52)
FN:717,(anonymous_53)
FN:737,(anonymous_54)
FN:758,(anonymous_55)
FN:777,(anonymous_56)
FN:821,(anonymous_57)
FN:835,(anonymous_58)
FN:842,(anonymous_59)
FN:934,(anonymous_60)
FN:969,(anonymous_61)
FN:978,(anonymous_62)
FN:988,(anonymous_63)
FNF:64
FNH:0
FNDA:0,(anonymous_0)
FNDA:0,(anonymous_1)
FNDA:0,(anonymous_2)
FNDA:0,(anonymous_3)
FNDA:0,(anonymous_4)
FNDA:0,(anonymous_5)
FNDA:0,(anonymous_6)
FNDA:0,(anonymous_7)
FNDA:0,(anonymous_8)
FNDA:0,(anonymous_9)
FNDA:0,(anonymous_10)
FNDA:0,(anonymous_11)
FNDA:0,(anonymous_12)
FNDA:0,(anonymous_13)
FNDA:0,(anonymous_14)
FNDA:0,(anonymous_15)
FNDA:0,(anonymous_16)
FNDA:0,(anonymous_17)
FNDA:0,(anonymous_18)
FNDA:0,(anonymous_19)
FNDA:0,(anonymous_20)
FNDA:0,(anonymous_21)
FNDA:0,(anonymous_22)
FNDA:0,(anonymous_23)
FNDA:0,(anonymous_24)
FNDA:0,(anonymous_25)
FNDA:0,(anonymous_26)
FNDA:0,(anonymous_27)
FNDA:0,(anonymous_28)
FNDA:0,(anonymous_29)
FNDA:0,(anonymous_30)
FNDA:0,(anonymous_31)
FNDA:0,(anonymous_32)
FNDA:0,(anonymous_33)
FNDA:0,(anonymous_34)
FNDA:0,(anonymous_35)
FNDA:0,(anonymous_36)
FNDA:0,(anonymous_37)
FNDA:0,(anonymous_38)
FNDA:0,(anonymous_39)
FNDA:0,(anonymous_40)
FNDA:0,(anonymous_41)
FNDA:0,(anonymous_42)
FNDA:0,(anonymous_43)
FNDA:0,(anonymous_44)
FNDA:0,(anonymous_45)
FNDA:0,(anonymous_46)
FNDA:0,(anonymous_47)
FNDA:0,(anonymous_48)
FNDA:0,(anonymous_49)
FNDA:0,(anonymous_50)
FNDA:0,(anonymous_51)
FNDA:0,(anonymous_52)
FNDA:0,(anonymous_53)
FNDA:0,(anonymous_54)
FNDA:0,(anonymous_55)
FNDA:0,(anonymous_56)
FNDA:0,(anonymous_57)
FNDA:0,(anonymous_58)
FNDA:0,(anonymous_59)
FNDA:0,(anonymous_60)
FNDA:0,(anonymous_61)
FNDA:0,(anonymous_62)
FNDA:0,(anonymous_63)
DA:30,0
DA:31,0
DA:32,0
DA:33,0
DA:34,0
DA:35,0
DA:36,0
DA:37,0
DA:43,0
DA:45,0
DA:46,0
DA:47,0
DA:48,0
DA:51,0
DA:52,0
DA:53,0
DA:54,0
DA:57,0
DA:58,0
DA:61,0
DA:62,0
DA:64,0
DA:65,0
DA:66,0
DA:70,0
DA:71,0
DA:72,0
DA:73,0
DA:74,0
DA:75,0
DA:76,0
DA:77,0
DA:78,0
DA:80,0
DA:81,0
DA:82,0
DA:83,0
DA:85,0
DA:86,0
DA:90,0
DA:91,0
DA:100,0
DA:111,0
DA:123,0
DA:124,0
DA:125,0
DA:128,0
DA:130,0
DA:140,0
DA:141,0
DA:143,0
DA:146,0
DA:148,0
DA:149,0
DA:150,0
DA:154,0
DA:155,0
DA:156,0
DA:157,0
DA:158,0
DA:163,0
DA:165,0
DA:175,0
DA:179,0
DA:180,0
DA:181,0
DA:185,0
DA:188,0
DA:189,0
DA:190,0
DA:191,0
DA:192,0
DA:201,0
DA:203,0
DA:204,0
DA:205,0
DA:206,0
DA:208,0
DA:211,0
DA:213,0
DA:223,0
DA:231,0
DA:246,0
DA:250,0
DA:251,0
DA:252,0
DA:253,0
DA:254,0
DA:255,0
DA:256,0
DA:260,0
DA:263,0
DA:264,0
DA:265,0
DA:266,0
DA:270,0
DA:271,0
DA:272,0
DA:274,0
DA:275,0
DA:276,0
DA:282,0
DA:284,0
DA:289,0
DA:290,0
DA:291,0
DA:292,0
DA:293,0
DA:296,0
DA:304,0
DA:306,0
DA:310,0
DA:311,0
DA:312,0
DA:314,0
DA:323,0
DA:324,0
DA:325,0
DA:327,0
DA:329,0
DA:331,0
DA:334,0
DA:341,0
DA:349,0
DA:350,0
DA:351,0
DA:354,0
DA:355,0
DA:356,0
DA:359,0
DA:360,0
DA:361,0
DA:365,0
DA:366,0
DA:367,0
DA:368,0
DA:369,0
DA:372,0
DA:375,0
DA:382,0
DA:386,0
DA:387,0
DA:388,0
DA:390,0
DA:391,0
DA:398,0
DA:399,0
DA:404,0
DA:405,0
DA:406,0
DA:410,0
DA:418,0
DA:422,0
DA:423,0
DA:425,0
DA:426,0
DA:428,0
DA:430,0
DA:431,0
DA:438,0
DA:439,0
DA:440,0
DA:446,0
DA:449,0
DA:450,0
DA:451,0
DA:453,0
DA:455,0
DA:456,0
DA:457,0
DA:460,0
DA:461,0
DA:466,0
DA:469,0
DA:472,0
DA:475,0
DA:477,0
DA:478,0
DA:483,0
DA:484,0
DA:491,0
DA:492,0
DA:499,0
DA:500,0
DA:506,0
DA:511,0
DA:513,0
DA:515,0
DA:524,0
DA:525,0
DA:535,0
DA:536,0
DA:542,0
DA:543,0
DA:551,0
DA:552,0
DA:557,0
DA:562,0
DA:563,0
DA:568,0
DA:573,0
DA:574,0
DA:575,0
DA:576,0
DA:577,0
DA:579,0
DA:586,0
DA:624,0
DA:699,0
DA:700,0
DA:701,0
DA:702,0
DA:703,0
DA:704,0
DA:705,0
DA:717,0
DA:739,0
DA:758,0
DA:777,0
DA:822,0
DA:835,0
DA:842,0
DA:934,0
[...]
DA:215,0
DA:217,0
DA:227,0
DA:228,0
DA:229,0
DA:233,0
DA:234,0
DA:237,0
DA:240,0
DA:243,0
DA:250,0
DA:253,0
DA:265,0
DA:268,0
DA:275,0
DA:286,0
DA:294,0
DA:295,0
DA:296,0
DA:298,0
DA:299,0
DA:301,0
DA:303,0
DA:304,0
DA:312,0
DA:313,0
DA:314,0
DA:316,0
DA:317,0
DA:319,0
DA:320,0
DA:321,0
DA:322,0
DA:326,0
DA:328,0
DA:329,0
DA:337,0
DA:339,0
DA:340,0
DA:342,0
DA:343,0
DA:345,0
DA:348,0
DA:349,0
DA:352,0
DA:355,0
DA:359,0
DA:367,0
DA:373,0
DA:374,0
DA:375,0
DA:376,0
DA:378,0
DA:385,0
DA:392,0
DA:393,0
DA:394,0
DA:395,0
DA:398,0
DA:399,0
DA:404,0
DA:406,0
DA:411,0
DA:412,0
DA:416,0
DA:418,0
DA:426,0
DA:427,0
DA:434,0
DA:435,0
DA:443,0
DA:444,0
DA:445,0
DA:453,0
DA:454,0
DA:468,0
DA:469,0
DA:471,0
DA:485,0
DA:486,0
DA:493,0
DA:494,0
DA:496,0
DA:497,0
LF:143
LH:0
BRDA:48,0,0,0
BRDA:53,1,0,0
BRDA:53,1,1,0
BRDA:67,2,0,0
BRDA:67,2,1,0
BRDA:126,3,0,0
BRDA:126,3,1,0
BRDA:130,4,0,0
BRDA:130,4,1,0
BRDA:142,5,0,0
BRDA:142,5,1,0
BRDA:146,6,0,0
BRDA:146,6,1,0
BRDA:146,7,0,0
BRDA:146,7,1,0
BRDA:166,8,0,0
BRDA:166,8,1,0
BRDA:169,9,0,0
BRDA:169,9,1,0
BRDA:227,10,0,0
BRDA:227,10,1,0
BRDA:296,11,0,0
BRDA:296,11,1,0
BRDA:299,12,0,0
BRDA:299,12,1,0
BRDA:314,13,0,0
BRDA:314,13,1,0
BRDA:321,14,0,0
BRDA:321,14,1,0
BRDA:348,15,0,0
BRDA:348,15,1,0
BRDA:375,16,0,0
BRDA:375,16,1,0
BRDA:399,17,0,0
BRDA:399,17,1,0
BRDA:400,18,0,0
BRDA:400,18,1,0
BRDA:400,18,2,0
BRDA:444,19,0,0
BRDA:444,19,1,0
BRDA:472,20,0,0
BRDA:472,20,1,0
BRDA:473,21,0,0
BRDA:473,21,1,0
BRDA:474,22,0,0
BRDA:474,22,1,0
BRDA:475,23,0,0
BRDA:475,23,1,0
BRDA:477,24,0,0
BRDA:477,24,1,0
BRDA:486,25,0,0
BRDA:486,25,1,0
BRDA:494,26,0,0
BRDA:494,26,1,0
BRF:54
BRH:0
end_of_record
TN:
SF:src/services/encryption/MediaEncryptionService.ts
FN:37,(anonymous_0)
FN:39,(anonymous_1)
FN:49,(anonymous_2)
FN:56,(anonymous_3)
FN:63,(anonymous_4)
FN:99,(anonymous_5)
FN:126,(anonymous_6)
FN:176,(anonymous_7)
FN:202,(anonymous_8)
FN:301,(anonymous_9)
FN:346,(anonymous_10)
FN:360,(anonymous_11)
FN:403,(anonymous_12)
FN:426,(anonymous_13)
FN:435,(anonymous_14)
FN:476,(anonymous_15)
FNF:16
FNH:0
FNDA:0,(anonymous_0)
FNDA:0,(anonymous_1)
FNDA:0,(anonymous_2)
FNDA:0,(anonymous_3)
FNDA:0,(anonymous_4)
FNDA:0,(anonymous_5)
FNDA:0,(anonymous_6)
FNDA:0,(anonymous_7)
FNDA:0,(anonymous_8)
FNDA:0,(anonymous_9)
FNDA:0,(anonymous_10)
FNDA:0,(anonymous_11)
FNDA:0,(anonymous_12)
FNDA:0,(anonymous_13)
FNDA:0,(anonymous_14)
FNDA:0,(anonymous_15)
DA:9,0
DA:10,0
DA:11,0
DA:12,0
DA:13,0
DA:40,0
DA:41,0
DA:43,0
DA:50,0
DA:57,0
DA:67,0
DA:69,0
DA:70,0
DA:73,0
DA:76,0
DA:82,0
DA:84,0
DA:91,0
DA:92,0
DA:105,0
DA:107,0
DA:108,0
DA:111,0
DA:116,0
DA:118,0
DA:119,0
DA:131,0
DA:132,0
DA:133,0
DA:136,0
DA:137,0
DA:138,0
DA:142,0
DA:145,0
DA:146,0
DA:147,0
DA:149,0
DA:150,0
DA:153,0
DA:159,0
DA:160,0
DA:161,0
DA:163,0
DA:167,0
DA:168,0
DA:169,0
DA:173,0
DA:176,0
DA:177,0
DA:178,0
DA:180,0
DA:181,0
DA:182,0
DA:186,0
DA:192,0
DA:194,0
DA:195,0
DA:208,0
DA:209,0
DA:210,0
DA:211,0
DA:215,0
DA:218,0
DA:221,0
DA:224,0
DA:225,0
DA:228,0
DA:231,0
DA:232,0
DA:234,0
DA:243,0
DA:244,0
DA:246,0
DA:259,0
DA:275,0
DA:277,0
DA:280,0
DA:294,0
DA:308,0
DA:310,0
DA:311,0
DA:312,0
DA:315,0
DA:318,0
DA:326,0
DA:330,0
DA:336,0
DA:338,0
DA:339,0
DA:347,0
DA:348,0
DA:349,0
DA:350,0
DA:352,0
DA:365,0
DA:367,0
DA:368,0
DA:369,0
DA:373,0
DA:379,0
DA:380,0
DA:384,0
DA:385,0
DA:388,0
DA:391,0
DA:393,0
DA:395,0
DA:396,0
DA:408,0
DA:415,0
DA:416,0
DA:418,0
DA:419,0
DA:427,0
DA:428,0
DA:429,0
DA:436,0
DA:438,0
DA:470,0
DA:481,0
DA:482,0
DA:484,0
DA:485,0
DA:489,0
DA:490,0
DA:491,0
DA:498,0
DA:499,0
DA:500,0
DA:501,0
DA:508,0
DA:510,0
DA:511,0
LF:133
LH:0
BRDA:40,0,0,0
BRDA:40,0,1,0
BRDA:69,1,0,0
BRDA:69,1,1,0
BRDA:132,2,0,0
BRDA:132,2,1,0
BRDA:137,3,0,0
BRDA:137,3,1,0
BRDA:145,4,0,0
BRDA:145,4,1,0
BRDA:168,5,0,0
BRDA:168,5,1,0
BRDA:210,6,0,0
BRDA:210,6,1,0
BRDA:311,7,0,0
BRDA:311,7,1,0
BRDA:326,8,0,0
BRDA:326,8,1,0
BRDA:362,9,0,0
BRDA:363,10,0,0
BRDA:368,11,0,0
BRDA:368,11,1,0
BRDA:379,12,0,0
BRDA:379,12,1,0
BRDA:405,13,0,0
BRDA:406,14,0,0
BRDA:436,15,0,0
BRDA:436,15,1,0
BRDA:470,16,0,0
BRDA:470,16,1,0
BRDA:478,17,0,0
BRDA:484,18,0,0
BRDA:484,18,1,0
BRDA:489,19,0,0
BRDA:489,19,1,0
BRDA:490,20,0,0
BRDA:490,20,1,0
BRDA:498,21,0,0
BRDA:498,21,1,0
BRDA:498,22,0,0
BRDA:498,22,1,0
BRDA:500,23,0,0
BRDA:500,23,1,0
BRF:43
BRH:0
end_of_record
TN:
SF:src/services/encryption/MetadataEncryptionService.ts
FN:51,(anonymous_0)
FN:53,(anonymous_1)
FN:63,(anonymous_2)
FN:90,(anonymous_3)
FN:130,(anonymous_4)
FN:165,(anonymous_5)
FN:205,(anonymous_6)
FN:241,(anonymous_7)
FN:267,(anonymous_8)
FN:287,(anonymous_9)
FN:316,(anonymous_10)
FN:340,(anonymous_11)
FNF:12
FNH:0
FNDA:0,(anonymous_0)
FNDA:0,(anonymous_1)
FNDA:0,(anonymous_2)
FNDA:0,(anonymous_3)
FNDA:0,(anonymous_4)
FNDA:0,(anonymous_5)
FNDA:0,(anonymous_6)
FNDA:0,(anonymous_7)
FNDA:0,(anonymous_8)
FNDA:0,(anonymous_9)
FNDA:0,(anonymous_10)
FNDA:0,(anonymous_11)
DA:43,0
DA:44,0
DA:45,0
DA:46,0
DA:54,0
DA:55,0
DA:57,0
DA:64,0
DA:66,0
DA:67,0
DA:68,0
DA:72,0
DA:73,0
DA:75,0
DA:76,0
DA:77,0
DA:78,0
DA:80,0
DA:82,0
DA:83,0
DA:91,0
DA:92,0
DA:95,0
DA:97,0
DA:98,0
DA:101,0
DA:104,0
DA:105,0
DA:111,0
DA:114,0
DA:116,0
DA:122,0
DA:123,0
DA:131,0
DA:132,0
DA:135,0
DA:137,0
DA:138,0
DA:141,0
DA:142,0
DA:145,0
DA:146,0
DA:148,0
DA:154,0
DA:155,0
DA:157,0
DA:158,0
DA:166,0
DA:167,0
DA:170,0
DA:172,0
DA:173,0
DA:176,0
DA:179,0
DA:180,0
DA:186,0
DA:189,0
DA:191,0
DA:197,0
DA:198,0
DA:206,0
DA:207,0
DA:210,0
DA:212,0
DA:213,0
DA:216,0
DA:217,0
DA:220,0
DA:221,0
DA:223,0
DA:229,0
DA:230,0
DA:232,0
DA:233,0
DA:245,0
DA:246,0
DA:249,0
DA:251,0
DA:253,0
DA:254,0
DA:255,0
DA:256,0
DA:258,0
DA:261,0
DA:271,0
DA:272,0
DA:276,0
DA:277,0
DA:278,0
DA:279,0
DA:281,0
DA:288,0
DA:289,0
DA:293,0
DA:294,0
DA:297,0
DA:298,0
DA:299,0
DA:301,0
DA:302,0
DA:307,0
DA:308,0
DA:310,0
DA:317,0
DA:318,0
DA:321,0
DA:322,0
DA:323,0
DA:324,0
DA:326,0
DA:327,0
DA:329,0
DA:334,0
DA:341,0
DA:342,0
DA:343,0
LF:116
LH:0
BRDA:54,0,0,0
BRDA:54,0,1,0
BRDA:67,1,0,0
BRDA:67,1,1,0
BRDA:91,2,0,0
BRDA:91,2,1,0
BRDA:131,3,0,0
BRDA:131,3,1,0
BRDA:166,4,0,0
BRDA:166,4,1,0
BRDA:206,5,0,0
BRDA:206,5,1,0
BRDA:245,6,0,0
BRDA:245,6,1,0
BRDA:271,7,0,0
BRDA:271,7,1,0
BRDA:288,8,0,0
BRDA:288,8,1,0
BRDA:317,9,0,0
BRDA:317,9,1,0
BRDA:341,10,0,0
BRDA:341,10,1,0
BRF:22
BRH:0
end_of_record
TN:
SF:src/services/encryption/MultiDeviceService.ts
FN:49,(anonymous_0)
FN:51,(anonymous_1)
FN:61,(anonymous_2)
FN:94,(anonymous_3)
FN:124,(anonymous_4)
FN:145,(anonymous_5)
FN:158,(anonymous_6)
FN:187,(anonymous_7)
FN:206,(anonymous_8)
FN:237,(anonymous_9)
FN:261,(anonymous_10)
FN:270,(anonymous_11)
FN:281,(anonymous_12)
FN:289,(anonymous_13)
FN:307,(anonymous_14)
FN:331,(anonymous_15)
FN:341,(anonymous_16)
FN:358,(anonymous_17)
FN:375,(anonymous_18)
FN:391,(anonymous_19)
FN:401,(anonymous_20)
FN:409,(anonymous_21)
FN:424,(anonymous_22)
FN:436,(anonymous_23)
FN:442,(anonymous_24)
FN:448,(anonymous_25)
FN:459,(anonymous_26)
FN:466,(anonymous_27)
FNF:28
FNH:0
FNDA:0,(anonymous_0)
FNDA:0,(anonymous_1)
FNDA:0,(anonymous_2)
FNDA:0,(anonymous_3)
FNDA:0,(anonymous_4)
FNDA:0,(anonymous_5)
FNDA:0,(anonymous_6)
FNDA:0,(anonymous_7)
FNDA:0,(anonymous_8)
FNDA:0,(anonymous_9)
FNDA:0,(anonymous_10)
FNDA:0,(anonymous_11)
FNDA:0,(anonymous_12)
FNDA:0,(anonymous_13)
FNDA:0,(anonymous_14)
FNDA:0,(anonymous_15)
FNDA:0,(anonymous_16)
FNDA:0,(anonymous_17)
FNDA:0,(anonymous_18)
FNDA:0,(anonymous_19)
FNDA:0,(anonymous_20)
FNDA:0,(anonymous_21)
FNDA:0,(anonymous_22)
FNDA:0,(anonymous_23)
FNDA:0,(anonymous_24)
FNDA:0,(anonymous_25)
FNDA:0,(anonymous_26)
FNDA:0,(anonymous_27)
DA:38,0
DA:39,0
DA:40,0
DA:41,0
DA:42,0
DA:47,0
DA:52,0
DA:53,0
DA:55,0
DA:62,0
DA:64,0
DA:66,0
DA:67,0
DA:68,0
DA:71,0
DA:74,0
DA:76,0
DA:77,0
DA:80,0
DA:84,0
DA:86,0
DA:87,0
DA:95,0
DA:97,0
DA:98,0
DA:101,0
DA:104,0
DA:107,0
DA:110,0
DA:113,0
DA:124,0
DA:133,0
DA:135,0
DA:137,0
DA:138,0
DA:146,0
DA:147,0
DA:148,0
DA:150,0
DA:151,0
DA:162,0
DA:163,0
DA:165,0
DA:166,0
DA:168,0
DA:171,0
DA:174,0
DA:175,0
DA:177,0
DA:181,0
DA:188,0
DA:191,0
DA:193,0
DA:195,0
DA:196,0
DA:197,0
DA:200,0
DA:208,0
DA:213,0
DA:215,0
DA:223,0
DA:224,0
DA:231,0
DA:248,0
DA:249,0
DA:251,0
DA:252,0
DA:253,0
DA:255,0
DA:262,0
DA:263,0
DA:264,0
DA:271,0
DA:272,0
DA:275,0
DA:282,0
DA:283,0
DA:290,0
DA:291,0
DA:294,0
DA:296,0
DA:308,0
DA:309,0
DA:311,0
DA:312,0
DA:313,0
DA:319,0
DA:325,0
DA:333,0
DA:334,0
DA:335,0
DA:347,0
DA:350,0
DA:359,0
DA:360,0
DA:362,0
DA:366,0
DA:368,0
DA:376,0
DA:378,0
DA:379,0
DA:384,0
DA:392,0
DA:393,0
DA:394,0
DA:395,0
DA:402,0
DA:403,0
DA:410,0
DA:411,0
DA:412,0
DA:413,0
DA:414,0
DA:417,0
DA:425,0
DA:426,0
DA:427,0
DA:429,0
DA:437,0
DA:438,0
DA:441,0
DA:442,0
DA:443,0
DA:444,0
DA:448,0
DA:449,0
DA:451,0
DA:452,0
DA:460,0
DA:467,0
LF:130
LH:0
BRDA:52,0,0,0
BRDA:52,0,1,0
BRDA:66,1,0,0
BRDA:66,1,1,0
BRDA:76,2,0,0
BRDA:76,2,1,0
BRDA:95,3,0,0
BRDA:95,3,1,0
BRDA:148,4,0,0
BRDA:148,4,1,0
BRDA:168,5,0,0
BRDA:168,5,1,0
BRDA:193,6,0,0
BRDA:193,6,1,0
BRDA:193,7,0,0
BRDA:193,7,1,0
BRDA:208,8,0,0
BRDA:208,8,1,0
BRDA:223,9,0,0
BRDA:223,9,1,0
BRDA:249,10,0,0
BRDA:249,10,1,0
BRDA:271,11,0,0
BRDA:271,11,1,0
BRDA:275,12,0,0
BRDA:275,12,1,0
BRDA:360,13,0,0
BRDA:360,13,1,0
BRDA:366,14,0,0
BRDA:366,14,1,0
BRDA:376,15,0,0
BRDA:376,15,1,0
BRDA:394,16,0,0
BRDA:394,16,1,0
BRDA:412,17,0,0
BRDA:412,17,1,0
BRDA:443,18,0,0
BRDA:443,18,1,0
BRF:38
BRH:0
end_of_record
TN:
SF:src/services/encryption/OfflineFileCacheService.ts
FN:51,(anonymous_0)
FN:58,(anonymous_1)
FN:65,(anonymous_2)
FN:79,(anonymous_3)
FN:80,(anonymous_4)
FN:90,(anonymous_5)
FN:95,(anonymous_6)
FN:108,(anonymous_7)
FN:120,(anonymous_8)
FN:207,(anonymous_9)
FN:245,(anonymous_10)
FN:271,(anonymous_11)
FN:273,(anonymous_12)
FN:282,(anonymous_13)
FN:296,(anonymous_14)
FN:313,(anonymous_15)
FN:329,(anonymous_16)
FN:346,(anonymous_17)
FN:351,(anonymous_18)
FN:352,(anonymous_19)
FN:367,(anonymous_20)
FN:380,(anonymous_21)
FN:403,(anonymous_22)
FN:430,(anonymous_23)
FN:441,(anonymous_24)
FN:445,(anonymous_25)
FN:459,(anonymous_26)
FN:461,(anonymous_27)
FN:462,(anonymous_28)
FN:480,(anonymous_29)
FN:498,(anonymous_30)
FN:505,(anonymous_31)
FNF:32
FNH:0
FNDA:0,(anonymous_0)
FNDA:0,(anonymous_1)
FNDA:0,(anonymous_2)
FNDA:0,(anonymous_3)
FNDA:0,(anonymous_4)
FNDA:0,(anonymous_5)
FNDA:0,(anonymous_6)
FNDA:0,(anonymous_7)
FNDA:0,(anonymous_8)
FNDA:0,(anonymous_9)
FNDA:0,(anonymous_10)
FNDA:0,(anonymous_11)
FNDA:0,(anonymous_12)
FNDA:0,(anonymous_13)
FNDA:0,(anonymous_14)
FNDA:0,(anonymous_15)
FNDA:0,(anonymous_16)
FNDA:0,(anonymous_17)
FNDA:0,(anonymous_18)
FNDA:0,(anonymous_19)
FNDA:0,(anonymous_20)
FNDA:0,(anonymous_21)
FNDA:0,(anonymous_22)
FNDA:0,(anonymous_23)
FNDA:0,(anonymous_24)
FNDA:0,(anonymous_25)
FNDA:0,(anonymous_26)
FNDA:0,(anonymous_27)
FNDA:0,(anonymous_28)
FNDA:0,(anonymous_29)
FNDA:0,(anonymous_30)
FNDA:0,(anonymous_31)
DA:33,0
DA:42,0
DA:43,0
DA:44,0
DA:46,0
DA:48,0
DA:49,0
DA:52,0
DA:53,0
DA:54,0
DA:55,0
DA:59,0
DA:60,0
DA:62,0
DA:67,0
DA:68,0
DA:69,0
DA:73,0
DA:74,0
DA:75,0
DA:80,0
DA:81,0
DA:83,0
DA:85,0
DA:91,0
DA:92,0
DA:93,0
DA:94,0
DA:95,0
DA:99,0
DA:102,0
DA:104,0
DA:109,0
DA:110,0
DA:111,0
DA:113,0
DA:133,0
DA:135,0
DA:136,0
DA:140,0
DA:141,0
DA:142,0
DA:146,0
DA:147,0
DA:148,0
DA:152,0
DA:157,0
DA:162,0
DA:163,0
DA:165,0
DA:172,0
DA:189,0
DA:190,0
DA:193,0
DA:194,0
DA:197,0
DA:199,0
DA:200,0
DA:208,0
DA:209,0
DA:210,0
DA:213,0
DA:214,0
DA:216,0
DA:217,0
DA:218,0
DA:222,0
DA:223,0
DA:224,0
DA:228,0
DA:229,0
DA:230,0
DA:231,0
DA:234,0
DA:235,0
DA:237,0
DA:238,0
DA:247,0
DA:253,0
DA:260,0
DA:261,0
DA:262,0
DA:264,0
DA:271,0
DA:272,0
DA:273,0
DA:276,0
DA:283,0
DA:284,0
DA:286,0
DA:287,0
DA:288,0
DA:290,0
DA:297,0
DA:298,0
DA:300,0
DA:301,0
DA:303,0
DA:306,0
DA:307,0
DA:314,0
DA:315,0
DA:317,0
DA:319,0
DA:320,0
DA:323,0
DA:330,0
DA:332,0
DA:333,0
DA:337,0
DA:338,0
DA:340,0
DA:347,0
DA:350,0
DA:351,0
DA:352,0
DA:354,0
DA:355,0
DA:357,0
DA:358,0
DA:361,0
DA:368,0
DA:370,0
DA:371,0
DA:374,0
DA:381,0
DA:383,0
DA:384,0
DA:385,0
DA:386,0
DA:391,0
DA:392,0
DA:395,0
DA:396,0
DA:404,0
DA:405,0
DA:407,0
DA:409,0
DA:410,0
DA:411,0
DA:415,0
DA:417,0
DA:422,0
DA:423,0
DA:431,0
DA:433,0
DA:435,0
DA:442,0
DA:443,0
DA:444,0
DA:445,0
DA:447,0
DA:460,0
DA:461,0
DA:462,0
DA:464,0
DA:465,0
DA:469,0
DA:470,0
DA:471,0
DA:473,0
DA:481,0
DA:492,0
DA:499,0
DA:506,0
LF:165
LH:0
BRDA:51,0,0,0
BRDA:59,1,0,0
BRDA:59,1,1,0
BRDA:68,2,0,0
BRDA:68,2,1,0
BRDA:74,3,0,0
BRDA:74,3,1,0
BRDA:81,4,0,0
BRDA:81,4,1,0
BRDA:83,5,0,0
BRDA:83,5,1,0
BRDA:93,6,0,0
BRDA:93,6,1,0
BRDA:128,7,0,0
BRDA:135,8,0,0
BRDA:135,8,1,0
BRDA:141,9,0,0
BRDA:141,9,1,0
BRDA:147,10,0,0
BRDA:147,10,1,0
BRDA:185,11,0,0
BRDA:185,11,1,0
BRDA:193,12,0,0
BRDA:193,12,1,0
BRDA:210,13,0,0
BRDA:210,13,1,0
BRDA:214,14,0,0
BRDA:214,14,1,0
BRDA:222,15,0,0
BRDA:222,15,1,0
BRDA:222,16,0,0
BRDA:222,16,1,0
BRDA:282,17,0,0
BRDA:284,18,0,0
BRDA:284,18,1,0
BRDA:298,19,0,0
BRDA:298,19,1,0
BRDA:319,20,0,0
BRDA:319,20,1,0
BRDA:332,21,0,0
BRDA:332,21,1,0
BRDA:355,22,0,0
BRDA:355,22,1,0
BRDA:385,23,0,0
BRDA:385,23,1,0
BRDA:395,24,0,0
BRDA:395,24,1,0
BRDA:409,25,0,0
BRDA:409,25,1,0
BRDA:409,26,0,0
BRDA:409,26,1,0
BRDA:415,27,0,0
BRDA:415,27,1,0
BRDA:415,28,0,0
BRDA:415,28,1,0
BRDA:459,29,0,0
BRDA:461,30,0,0
BRDA:461,30,1,0
BRDA:492,31,0,0
BRDA:492,31,1,0
BRF:60
BRH:0
end_of_record
TN:
SF:src/services/encryption/OfflineQueueService.ts
FN:45,(anonymous_0)
FN:50,(anonymous_1)
FN:57,(anonymous_2)
FN:58,(anonymous_3)
FN:71,(anonymous_4)
FN:77,(anonymous_5)
FN:84,(anonymous_6)
FN:96,(anonymous_7)
FN:113,(anonymous_8)
FN:146,(anonymous_9)
FN:181,(anonymous_10)
FN:199,(anonymous_11)
FN:201,(anonymous_12)
FN:229,(anonymous_13)
FN:237,(anonymous_14)
FN:272,(anonymous_15)
FN:274,(anonymous_16)
FN:300,(anonymous_17)
FN:308,(anonymous_18)
FN:327,(anonymous_19)
FN:339,(anonymous_20)
FN:348,(anonymous_21)
FN:350,(anonymous_22)
FN:356,(anonymous_23)
FNF:24
FNH:0
FNDA:0,(anonymous_0)
FNDA:0,(anonymous_1)
FNDA:0,(anonymous_2)
FNDA:0,(anonymous_3)
FNDA:0,(anonymous_4)
FNDA:0,(anonymous_5)
FNDA:0,(anonymous_6)
FNDA:0,(anonymous_7)
FNDA:0,(anonymous_8)
FNDA:0,(anonymous_9)
FNDA:0,(anonymous_10)
FNDA:0,(anonymous_11)
FNDA:0,(anonymous_12)
FNDA:0,(anonymous_13)
FNDA:0,(anonymous_14)
FNDA:0,(anonymous_15)
FNDA:0,(anonymous_16)
FNDA:0,(anonymous_17)
FNDA:0,(anonymous_18)
FNDA:0,(anonymous_19)
FNDA:0,(anonymous_20)
FNDA:0,(anonymous_21)
FNDA:0,(anonymous_22)
FNDA:0,(anonymous_23)
DA:34,0
DA:35,0
DA:36,0
DA:37,0
DA:38,0
DA:40,0
DA:41,0
DA:42,0
DA:43,0
DA:46,0
DA:47,0
DA:51,0
DA:52,0
DA:54,0
DA:58,0
DA:59,0
DA:60,0
DA:62,0
DA:65,0
DA:66,0
DA:72,0
DA:74,0
DA:75,0
DA:76,0
DA:77,0
DA:81,0
DA:82,0
DA:83,0
DA:84,0
DA:88,0
DA:89,0
DA:92,0
DA:97,0
DA:99,0
DA:100,0
DA:103,0
DA:104,0
DA:106,0
DA:119,0
DA:121,0
DA:132,0
DA:133,0
DA:136,0
DA:137,0
DA:140,0
DA:153,0
DA:155,0
DA:167,0
DA:168,0
DA:171,0
DA:172,0
DA:175,0
DA:182,0
DA:184,0
DA:186,0
DA:187,0
DA:192,0
DA:200,0
DA:201,0
DA:203,0
DA:204,0
DA:205,0
DA:208,0
DA:209,0
DA:212,0
DA:215,0
DA:217,0
DA:219,0
DA:220,0
DA:223,0
DA:226,0
DA:229,0
DA:238,0
DA:240,0
DA:242,0
DA:243,0
DA:245,0
DA:248,0
DA:249,0
DA:255,0
DA:258,0
DA:259,0
DA:265,0
DA:273,0
DA:274,0
DA:276,0
DA:277,0
DA:278,0
DA:281,0
DA:282,0
DA:285,0
DA:288,0
DA:290,0
DA:291,0
DA:292,0
DA:294,0
DA:297,0
DA:300,0
DA:311,0
DA:313,0
DA:317,0
DA:328,0
DA:340,0
DA:341,0
DA:342,0
DA:350,0
DA:351,0
DA:352,0
DA:356,0
DA:357,0
DA:358,0
DA:362,0
DA:363,0
LF:113
LH:0
BRDA:51,0,0,0
BRDA:51,0,1,0
BRDA:60,1,0,0
BRDA:60,1,1,0
BRDA:65,2,0,0
BRDA:65,2,1,0
BRDA:65,3,0,0
BRDA:65,3,1,0
BRDA:75,4,0,0
BRDA:75,4,1,0
BRDA:82,5,0,0
BRDA:82,5,1,0
BRDA:88,6,0,0
BRDA:88,6,1,0
BRDA:136,7,0,0
BRDA:136,7,1,0
BRDA:171,8,0,0
BRDA:171,8,1,0
BRDA:182,9,0,0
BRDA:182,9,1,0
BRDA:182,10,0,0
BRDA:182,10,1,0
BRDA:217,11,0,0
BRDA:217,11,1,0
BRDA:240,12,0,0
BRDA:240,12,1,0
BRDA:240,12,2,0
BRDA:242,13,0,0
BRDA:242,13,1,0
BRDA:248,14,0,0
BRDA:248,14,1,0
BRDA:258,15,0,0
BRDA:258,15,1,0
BRDA:290,16,0,0
BRDA:290,16,1,0
BRDA:313,17,0,0
BRDA:313,17,1,0
BRDA:313,18,0,0
BRDA:313,18,1,0
BRDA:317,19,0,0
BRDA:317,19,1,0
BRDA:317,20,0,0
BRDA:317,20,1,0
BRDA:351,21,0,0
BRDA:351,21,1,0
BRDA:357,22,0,0
BRDA:357,22,1,0
BRF:47
BRH:0
end_of_record
TN:
SF:src/services/encryption/SecureFileSharingService.ts
FN:58,(anonymous_0)
FN:60,(anonymous_1)
FN:70,(anonymous_2)
FN:125,(anonymous_3)
FN:161,(anonymous_4)
FN:227,(anonymous_5)
FN:275,(anonymous_6)
FN:309,(anonymous_7)
FN:320,(anonymous_8)
FN:326,(anonymous_9)
FN:336,(anonymous_10)
FN:373,(anonymous_11)
FN:394,(anonymous_12)
FN:401,(anonymous_13)
FN:417,(anonymous_14)
FN:433,(anonymous_15)
FN:445,(anonymous_16)
FN:469,(anonymous_17)
FN:494,(anonymous_18)
FN:503,(anonymous_19)
FN:519,(anonymous_20)
FN:578,(anonymous_21)
FN:590,(anonymous_22)
FN:609,(anonymous_23)
FN:629,(anonymous_24)
FNF:25
FNH:0
FNDA:0,(anonymous_0)
FNDA:0,(anonymous_1)
FNDA:0,(anonymous_2)
FNDA:0,(anonymous_3)
FNDA:0,(anonymous_4)
FNDA:0,(anonymous_5)
FNDA:0,(anonymous_6)
FNDA:0,(anonymous_7)
FNDA:0,(anonymous_8)
FNDA:0,(anonymous_9)
FNDA:0,(anonymous_10)
FNDA:0,(anonymous_11)
FNDA:0,(anonymous_12)
FNDA:0,(anonymous_13)
FNDA:0,(anonymous_14)
FNDA:0,(anonymous_15)
FNDA:0,(anonymous_16)
FNDA:0,(anonymous_17)
FNDA:0,(anonymous_18)
FNDA:0,(anonymous_19)
FNDA:0,(anonymous_20)
FNDA:0,(anonymous_21)
FNDA:0,(anonymous_22)
FNDA:0,(anonymous_23)
FNDA:0,(anonymous_24)
DA:53,0
DA:54,0
DA:55,0
DA:56,0
DA:61,0
DA:62,0
DA:64,0
DA:81,0
DA:89,0
DA:92,0
DA:93,0
DA:96,0
DA:97,0
DA:100,0
DA:103,0
DA:109,0
DA:110,0
DA:111,0
DA:115,0
DA:125,0
DA:139,0
DA:142,0
DA:145,0
DA:151,0
DA:153,0
DA:154,0
DA:166,0
DA:168,0
DA:170,0
DA:171,0
DA:174,0
DA:177,0
DA:180,0
DA:186,0
DA:193,0
DA:199,0
DA:206,0
DA:212,0
DA:215,0
DA:220,0
DA:233,0
DA:234,0
DA:238,0
DA:239,0
DA:243,0
DA:244,0
DA:248,0
DA:249,0
DA:250,0
DA:254,0
DA:255,0
DA:259,0
DA:260,0
DA:261,0
DA:265,0
DA:266,0
DA:267,0
DA:276,0
DA:277,0
DA:279,0
DA:280,0
DA:283,0
DA:286,0
DA:287,0
DA:291,0
DA:297,0
DA:301,0
DA:302,0
DA:310,0
DA:311,0
DA:319,0
DA:320,0
DA:321,0
DA:325,0
DA:326,0
DA:328,0
DA:329,0
DA:346,0
DA:347,0
DA:349,0
DA:350,0
DA:353,0
DA:356,0
DA:357,0
DA:361,0
DA:363,0
DA:364,0
DA:365,0
DA:368,0
DA:369,0
DA:372,0
DA:373,0
DA:376,0
DA:377,0
DA:381,0
DA:384,0
DA:386,0
DA:387,0
DA:395,0
DA:402,0
DA:403,0
DA:404,0
DA:406,0
DA:407,0
DA:408,0
DA:411,0
DA:418,0
DA:419,0
DA:420,0
DA:423,0
DA:424,0
DA:427,0
DA:434,0
DA:436,0
DA:437,0
DA:439,0
DA:447,0
DA:450,0
DA:451,0
DA:453,0
DA:458,0
DA:461,0
DA:463,0
DA:471,0
DA:474,0
DA:475,0
DA:476,0
DA:477,0
DA:480,0
DA:481,0
DA:483,0
DA:488,0
DA:497,0
DA:504,0
DA:505,0
DA:506,0
DA:507,0
DA:509,0
DA:511,0
DA:512,0
DA:524,0
DA:526,0
DA:537,0
DA:539,0
DA:540,0
DA:541,0
DA:543,0
DA:544,0
DA:545,0
DA:547,0
DA:548,0
DA:549,0
DA:551,0
DA:552,0
DA:553,0
DA:555,0
DA:556,0
DA:559,0
DA:571,0
DA:579,0
DA:580,0
DA:581,0
DA:588,0
DA:590,0
DA:591,0
DA:598,0
DA:600,0
DA:602,0
DA:615,0
DA:616,0
DA:621,0
DA:622,0
DA:624,0
DA:625,0
DA:626,0
DA:627,0
DA:629,0
DA:630,0
DA:631,0
DA:633,0
DA:634,0
DA:636,0
DA:637,0
DA:641,0
DA:644,0
DA:651,0
DA:652,0
LF:187
LH:0
BRDA:61,0,0,0
BRDA:61,0,1,0
BRDA:79,1,0,0
BRDA:83,2,0,0
BRDA:85,3,0,0
BRDA:86,4,0,0
BRDA:97,5,0,0
BRDA:97,5,1,0
BRDA:110,6,0,0
BRDA:110,6,1,0
BRDA:170,7,0,0
BRDA:170,7,1,0
BRDA:201,8,0,0
BRDA:201,8,1,0
BRDA:233,9,0,0
BRDA:233,9,1,0
BRDA:238,10,0,0
BRDA:238,10,1,0
BRDA:243,11,0,0
BRDA:243,11,1,0
BRDA:243,12,0,0
BRDA:243,12,1,0
BRDA:249,13,0,0
BRDA:249,13,1,0
BRDA:254,14,0,0
BRDA:254,14,1,0
BRDA:254,15,0,0
BRDA:254,15,1,0
BRDA:259,16,0,0
BRDA:259,16,1,0
BRDA:259,17,0,0
BRDA:259,17,1,0
BRDA:260,18,0,0
BRDA:260,18,1,0
BRDA:266,19,0,0
BRDA:266,19,1,0
BRDA:266,20,0,0
BRDA:266,20,1,0
BRDA:279,21,0,0
BRDA:279,21,1,0
BRDA:286,22,0,0
BRDA:286,22,1,0
BRDA:349,23,0,0
BRDA:349,23,1,0
BRDA:356,24,0,0
BRDA:356,24,1,0
BRDA:363,25,0,0
BRDA:363,25,1,0
BRDA:368,26,0,0
BRDA:368,26,1,0
BRDA:372,27,0,0
BRDA:372,27,1,0
BRDA:376,28,0,0
BRDA:376,28,1,0
BRDA:506,29,0,0
BRDA:506,29,1,0
BRDA:507,30,0,0
BRDA:507,30,1,0
BRDA:537,31,0,0
BRDA:537,31,1,0
BRDA:537,31,2,0
BRDA:537,31,3,0
BRDA:537,31,4,0
BRDA:633,32,0,0
BRDA:633,32,1,0
BRDA:633,33,0,0
BRDA:633,33,1,0
BRDA:636,34,0,0
BRDA:636,34,1,0
BRF:69
BRH:0
end_of_record
TN:
SF:src/services/encryption/index.ts
FNF:0
FNH:0
LF:0
LH:0
BRF:0
BRH:0
end_of_record
